Quick Sort median Zufallszahlen Wechsel bei 75, 123456 Zahlen Startzeit: 19.11 09:57:14,746|Endezeit: 19.11 09:57:15,543| Diff: 797 ms Sortiert: true
Quick Sort median aufsteigend 123456 Zahlen Startzeit: 19.11 09:57:15,543|Endezeit: 19.11 09:57:17,340| Diff: 1797 ms Sortiert: true
Quick Sort median absteigend 123456 Zahlen Startzeit: 19.11 09:57:17,340|Endezeit: 19.11 09:57:17,527| Diff: 187 ms Sortiert: true
Quick Sort middle Zufallszahlen Wechsel bei 75, 123456 Zahlen Startzeit: 19.11 09:57:14,746|Endezeit: 19.11 09:57:15,543| Diff: 797 ms Sortiert: true
Quick Sort middle aufsteigend 123456 Zahlen Startzeit: 19.11 09:57:15,543|Endezeit: 19.11 09:57:17,386| Diff: 1843 ms Sortiert: true
Quick Sort middle absteigend 123456 Zahlen Startzeit: 19.11 09:57:17,386|Endezeit: 19.11 09:57:17,558| Diff: 172 ms Sortiert: true
Quick Sort random Zufallszahlen Wechsel bei 75, 123456 Zahlen Startzeit: 19.11 09:57:14,746|Endezeit: 19.11 09:57:17,996| Diff: 3250 ms Sortiert: true
Quick Sort random aufsteigend 123456 Zahlen Startzeit: 19.11 09:57:17,996|Endezeit: 19.11 09:57:21,277| Diff: 3281 ms Sortiert: true
Quick Sort random absteigend 123456 Zahlen Startzeit: 19.11 09:57:21,277|Endezeit: 19.11 09:57:23,543| Diff: 2266 ms Sortiert: true
Heap Sort Zufallszahlen 123456 Zahlen Startzeit: 19.11 09:57:14,746|Endezeit: 19.11 09:57:32,324| Diff: 17578 ms Sortiert: true
Heap Sort aufsteigend 123456 Zahlen Startzeit: 19.11 09:57:32,324|Endezeit: 19.11 09:57:44,746| Diff: 12422 ms Sortiert: true
Heap Sort absteigend 123456 Zahlen Startzeit: 19.11 09:57:44,746|Endezeit: 19.11 09:57:56,480| Diff: 11734 ms Sortiert: true
Insertion Sort Zufallszahlen 124 Zahlen Startzeit: 19.11 10:00:41,786|Endezeit: 19.11 10:00:41,816| Diff: 31 ms Sortiert: true
Insertion Sort aufsteigend 124 Zahlen Startzeit: 19.11 10:00:41,816|Endezeit: 19.11 10:00:41,816| Diff: 0 ms Sortiert: true
Insertion Sort absteigend 124 Zahlen Startzeit: 19.11 10:00:41,816|Endezeit: 19.11 10:00:41,816| Diff: 0 ms Sortiert: true
Quick Sort median Zufallszahlen Wechsel bei 75, 1246 Zahlen Startzeit: 19.11 10:00:41,786|Endezeit: 19.11 10:00:41,816| Diff: 31 ms Sortiert: true
Quick Sort median aufsteigend 1246 Zahlen Startzeit: 19.11 10:00:41,816|Endezeit: 19.11 10:00:41,816| Diff: 0 ms Sortiert: true
Quick Sort median absteigend 1246 Zahlen Startzeit: 19.11 10:00:41,816|Endezeit: 19.11 10:00:41,816| Diff: 0 ms Sortiert: true
Quick Sort middle Zufallszahlen Wechsel bei 75, 1246 Zahlen Startzeit: 19.11 10:00:41,786|Endezeit: 19.11 10:00:41,816| Diff: 31 ms Sortiert: true
Quick Sort middle aufsteigend 1246 Zahlen Startzeit: 19.11 10:00:41,816|Endezeit: 19.11 10:00:41,816| Diff: 0 ms Sortiert: true
Quick Sort middle absteigend 1246 Zahlen Startzeit: 19.11 10:00:41,816|Endezeit: 19.11 10:00:41,816| Diff: 0 ms Sortiert: true
Heap Sort Zufallszahlen 1246 Zahlen Startzeit: 19.11 10:00:41,786|Endezeit: 19.11 10:00:41,816| Diff: 31 ms Sortiert: true
Heap Sort aufsteigend 1246 Zahlen Startzeit: 19.11 10:00:41,816|Endezeit: 19.11 10:00:41,816| Diff: 0 ms Sortiert: true
Heap Sort absteigend 1246 Zahlen Startzeit: 19.11 10:00:41,816|Endezeit: 19.11 10:00:41,816| Diff: 0 ms Sortiert: true
Quick Sort random Zufallszahlen Wechsel bei 75, 1246 Zahlen Startzeit: 19.11 10:00:41,786|Endezeit: 19.11 10:00:41,816| Diff: 31 ms Sortiert: true
Quick Sort random aufsteigend 1246 Zahlen Startzeit: 19.11 10:00:41,816|Endezeit: 19.11 10:00:41,833| Diff: 16 ms Sortiert: true
Quick Sort random absteigend 1246 Zahlen Startzeit: 19.11 10:00:41,833|Endezeit: 19.11 10:00:41,833| Diff: 0 ms Sortiert: true
Quick Sort left Zufallszahlen Wechsel bei 75, 1246 Zahlen Startzeit: 19.11 10:00:41,786|Endezeit: 19.11 10:00:41,816| Diff: 31 ms Sortiert: true
Quick Sort left aufsteigend 1246 Zahlen Startzeit: 19.11 10:00:41,816|Endezeit: 19.11 10:00:41,849| Diff: 32 ms Sortiert: true
Quick Sort left absteigend 1246 Zahlen Startzeit: 19.11 10:00:41,849|Endezeit: 19.11 10:00:41,941| Diff: 93 ms Sortiert: true
Quick Sort right Zufallszahlen Wechsel bei 75, 1246 Zahlen Startzeit: 19.11 10:00:41,786|Endezeit: 19.11 10:00:41,816| Diff: 31 ms Sortiert: true
Quick Sort right aufsteigend 1246 Zahlen Startzeit: 19.11 10:00:41,816|Endezeit: 19.11 10:00:41,895| Diff: 78 ms Sortiert: true
Quick Sort right absteigend 1246 Zahlen Startzeit: 19.11 10:00:41,895|Endezeit: 19.11 10:00:41,941| Diff: 47 ms Sortiert: true
Insertion Sort Zufallszahlen 124 Zahlen Startzeit: 19.11 10:09:12,958|Endezeit: 19.11 10:09:12,958| Diff: 0 ms Sortiert: true
Insertion Sort aufsteigend 124 Zahlen Startzeit: 19.11 10:09:12,958|Endezeit: 19.11 10:09:12,958| Diff: 0 ms Sortiert: true
Insertion Sort absteigend 124 Zahlen Startzeit: 19.11 10:09:12,958|Endezeit: 19.11 10:09:12,958| Diff: 0 ms Sortiert: true
Quick Sort median Zufallszahlen Wechsel bei 75, 1246 Zahlen Startzeit: 19.11 10:09:12,958|Endezeit: 19.11 10:09:12,958| Diff: 0 ms Sortiert: true
Quick Sort median aufsteigend 1246 Zahlen Startzeit: 19.11 10:09:12,958|Endezeit: 19.11 10:09:12,974| Diff: 16 ms Sortiert: true
Quick Sort median absteigend 1246 Zahlen Startzeit: 19.11 10:09:12,974|Endezeit: 19.11 10:09:12,974| Diff: 0 ms Sortiert: true
Quick Sort middle Zufallszahlen Wechsel bei 75, 1246 Zahlen Startzeit: 19.11 10:09:12,958|Endezeit: 19.11 10:09:12,958| Diff: 0 ms Sortiert: true
Quick Sort middle aufsteigend 1246 Zahlen Startzeit: 19.11 10:09:12,958|Endezeit: 19.11 10:09:12,974| Diff: 16 ms Sortiert: true
Quick Sort middle absteigend 1246 Zahlen Startzeit: 19.11 10:09:12,974|Endezeit: 19.11 10:09:12,974| Diff: 0 ms Sortiert: true
Quick Sort random Zufallszahlen Wechsel bei 75, 1246 Zahlen Startzeit: 19.11 10:09:12,958|Endezeit: 19.11 10:09:12,974| Diff: 16 ms Sortiert: true
Quick Sort random aufsteigend 1246 Zahlen Startzeit: 19.11 10:09:12,974|Endezeit: 19.11 10:09:12,974| Diff: 0 ms Sortiert: true
Quick Sort random absteigend 1246 Zahlen Startzeit: 19.11 10:09:12,974|Endezeit: 19.11 10:09:12,988| Diff: 15 ms Sortiert: true
Quick Sort left Zufallszahlen Wechsel bei 75, 1246 Zahlen Startzeit: 19.11 10:09:12,958|Endezeit: 19.11 10:09:12,958| Diff: 0 ms Sortiert: true
Quick Sort left aufsteigend 1246 Zahlen Startzeit: 19.11 10:09:12,958|Endezeit: 19.11 10:09:12,004| Diff: 47 ms Sortiert: true
Quick Sort left absteigend 1246 Zahlen Startzeit: 19.11 10:09:12,004|Endezeit: 19.11 10:09:13,099| Diff: 94 ms Sortiert: true
Quick Sort right Zufallszahlen Wechsel bei 75, 1246 Zahlen Startzeit: 19.11 10:09:12,958|Endezeit: 19.11 10:09:12,958| Diff: 0 ms Sortiert: true
Quick Sort right aufsteigend 1246 Zahlen Startzeit: 19.11 10:09:12,958|Endezeit: 19.11 10:09:13,052| Diff: 94 ms Sortiert: true
Quick Sort right absteigend 1246 Zahlen Startzeit: 19.11 10:09:13,052|Endezeit: 19.11 10:09:13,099| Diff: 47 ms Sortiert: true
Insertion Sort Zufallszahlen 124 Zahlen Startzeit: 19.11 10:18:47,831|Endezeit: 19.11 10:18:47,831| Diff: 0 ms Sortiert: true
Insertion Sort aufsteigend 124 Zahlen Startzeit: 19.11 10:18:47,831|Endezeit: 19.11 10:18:47,831| Diff: 0 ms Sortiert: true
Insertion Sort absteigend 124 Zahlen Startzeit: 19.11 10:18:47,831|Endezeit: 19.11 10:18:47,831| Diff: 0 ms Sortiert: true
Quick Sort median Zufallszahlen Wechsel bei 75, 1246 Zahlen Startzeit: 19.11 10:18:47,831|Endezeit: 19.11 10:18:47,831| Diff: 0 ms Sortiert: true
Quick Sort median aufsteigend 1246 Zahlen Startzeit: 19.11 10:18:47,831|Endezeit: 19.11 10:18:47,831| Diff: 0 ms Sortiert: true
Quick Sort median absteigend 1246 Zahlen Startzeit: 19.11 10:18:47,831|Endezeit: 19.11 10:18:47,831| Diff: 0 ms Sortiert: true
Quick Sort middle Zufallszahlen Wechsel bei 75, 1246 Zahlen Startzeit: 19.11 10:18:47,831|Endezeit: 19.11 10:18:47,831| Diff: 0 ms Sortiert: true
Quick Sort middle aufsteigend 1246 Zahlen Startzeit: 19.11 10:18:47,831|Endezeit: 19.11 10:18:47,831| Diff: 0 ms Sortiert: true
Quick Sort middle absteigend 1246 Zahlen Startzeit: 19.11 10:18:47,831|Endezeit: 19.11 10:18:47,831| Diff: 0 ms Sortiert: true
Quick Sort random Zufallszahlen Wechsel bei 75, 1246 Zahlen Startzeit: 19.11 10:18:47,831|Endezeit: 19.11 10:18:47,831| Diff: 0 ms Sortiert: true
Quick Sort random aufsteigend 1246 Zahlen Startzeit: 19.11 10:18:47,831|Endezeit: 19.11 10:18:47,847| Diff: 16 ms Sortiert: true
Quick Sort random absteigend 1246 Zahlen Startzeit: 19.11 10:18:47,847|Endezeit: 19.11 10:18:47,847| Diff: 0 ms Sortiert: true
Quick Sort left Zufallszahlen Wechsel bei 75, 1246 Zahlen Startzeit: 19.11 10:18:47,831|Endezeit: 19.11 10:18:47,831| Diff: 0 ms Sortiert: true
Quick Sort left aufsteigend 1246 Zahlen Startzeit: 19.11 10:18:47,831|Endezeit: 19.11 10:18:47,862| Diff: 31 ms Sortiert: true
Quick Sort left absteigend 1246 Zahlen Startzeit: 19.11 10:18:47,862|Endezeit: 19.11 10:18:47,956| Diff: 94 ms Sortiert: true
Quick Sort right Zufallszahlen Wechsel bei 75, 1246 Zahlen Startzeit: 19.11 10:18:47,831|Endezeit: 19.11 10:18:47,831| Diff: 0 ms Sortiert: true
Quick Sort right aufsteigend 1246 Zahlen Startzeit: 19.11 10:18:47,831|Endezeit: 19.11 10:18:47,925| Diff: 94 ms Sortiert: true
Quick Sort right absteigend 1246 Zahlen Startzeit: 19.11 10:18:47,925|Endezeit: 19.11 10:18:47,956| Diff: 31 ms Sortiert: true
Insertion Sort Zufallszahlen 124 Zahlen Startzeit: 19.11 10:19:21,112|Endezeit: 19.11 10:19:21,112| Diff: 0 ms Sortiert: true
Insertion Sort aufsteigend 124 Zahlen Startzeit: 19.11 10:19:21,112|Endezeit: 19.11 10:19:21,112| Diff: 0 ms Sortiert: true
Insertion Sort absteigend 124 Zahlen Startzeit: 19.11 10:19:21,112|Endezeit: 19.11 10:19:21,112| Diff: 0 ms Sortiert: true
Quick Sort median Zufallszahlen Wechsel bei 75, 1246 Zahlen Startzeit: 19.11 10:19:21,112|Endezeit: 19.11 10:19:21,112| Diff: 0 ms Sortiert: true
Quick Sort median aufsteigend 1246 Zahlen Startzeit: 19.11 10:19:21,112|Endezeit: 19.11 10:19:21,128| Diff: 16 ms Sortiert: true
Quick Sort median absteigend 1246 Zahlen Startzeit: 19.11 10:19:21,128|Endezeit: 19.11 10:19:21,128| Diff: 0 ms Sortiert: true
Quick Sort middle Zufallszahlen Wechsel bei 75, 1246 Zahlen Startzeit: 19.11 10:19:21,112|Endezeit: 19.11 10:19:21,112| Diff: 0 ms Sortiert: true
Quick Sort middle aufsteigend 1246 Zahlen Startzeit: 19.11 10:19:21,112|Endezeit: 19.11 10:19:21,128| Diff: 16 ms Sortiert: true
Quick Sort middle absteigend 1246 Zahlen Startzeit: 19.11 10:19:21,128|Endezeit: 19.11 10:19:21,128| Diff: 0 ms Sortiert: true
Quick Sort random Zufallszahlen Wechsel bei 75, 1246 Zahlen Startzeit: 19.11 10:19:21,112|Endezeit: 19.11 10:19:21,128| Diff: 16 ms Sortiert: true
Quick Sort random aufsteigend 1246 Zahlen Startzeit: 19.11 10:19:21,128|Endezeit: 19.11 10:19:21,143| Diff: 15 ms Sortiert: true
Quick Sort random absteigend 1246 Zahlen Startzeit: 19.11 10:19:21,143|Endezeit: 19.11 10:19:21,143| Diff: 0 ms Sortiert: true
Quick Sort left Zufallszahlen Wechsel bei 75, 1246 Zahlen Startzeit: 19.11 10:19:21,112|Endezeit: 19.11 10:19:21,112| Diff: 0 ms Sortiert: true
Quick Sort left aufsteigend 1246 Zahlen Startzeit: 19.11 10:19:21,112|Endezeit: 19.11 10:19:21,143| Diff: 31 ms Sortiert: true
Quick Sort left absteigend 1246 Zahlen Startzeit: 19.11 10:19:21,143|Endezeit: 19.11 10:19:21,222| Diff: 79 ms Sortiert: true
Quick Sort right Zufallszahlen Wechsel bei 75, 1246 Zahlen Startzeit: 19.11 10:19:21,112|Endezeit: 19.11 10:19:21,128| Diff: 16 ms Sortiert: true
Quick Sort right aufsteigend 1246 Zahlen Startzeit: 19.11 10:19:21,128|Endezeit: 19.11 10:19:21,206| Diff: 78 ms Sortiert: true
Quick Sort right absteigend 1246 Zahlen Startzeit: 19.11 10:19:21,206|Endezeit: 19.11 10:19:21,237| Diff: 31 ms Sortiert: true
Insertion Sort Zufallszahlen 124 Zahlen Startzeit: 19.11 10:20:13,877|Endezeit: 19.11 10:20:13,877| Diff: 0 ms Sortiert: true
Insertion Sort aufsteigend 124 Zahlen Startzeit: 19.11 10:20:13,877|Endezeit: 19.11 10:20:13,877| Diff: 0 ms Sortiert: true
Insertion Sort absteigend 124 Zahlen Startzeit: 19.11 10:20:13,877|Endezeit: 19.11 10:20:13,877| Diff: 0 ms Sortiert: true
Quick Sort middle Zufallszahlen Wechsel bei 75, 1246 Zahlen Startzeit: 19.11 10:20:13,877|Endezeit: 19.11 10:20:13,877| Diff: 0 ms Sortiert: true
Quick Sort middle aufsteigend 1246 Zahlen Startzeit: 19.11 10:20:13,877|Endezeit: 19.11 10:20:13,877| Diff: 0 ms Sortiert: true
Quick Sort middle absteigend 1246 Zahlen Startzeit: 19.11 10:20:13,877|Endezeit: 19.11 10:20:13,877| Diff: 0 ms Sortiert: true
Quick Sort median Zufallszahlen Wechsel bei 75, 1246 Zahlen Startzeit: 19.11 10:20:13,877|Endezeit: 19.11 10:20:13,877| Diff: 0 ms Sortiert: true
Quick Sort median aufsteigend 1246 Zahlen Startzeit: 19.11 10:20:13,877|Endezeit: 19.11 10:20:13,877| Diff: 0 ms Sortiert: true
Quick Sort median absteigend 1246 Zahlen Startzeit: 19.11 10:20:13,877|Endezeit: 19.11 10:20:13,877| Diff: 0 ms Sortiert: true
Heap Sort Zufallszahlen 1246 Zahlen Startzeit: 19.11 10:20:13,877|Endezeit: 19.11 10:20:13,877| Diff: 0 ms Sortiert: true
Heap Sort aufsteigend 1246 Zahlen Startzeit: 19.11 10:20:13,877|Endezeit: 19.11 10:20:13,877| Diff: 0 ms Sortiert: true
Heap Sort absteigend 1246 Zahlen Startzeit: 19.11 10:20:13,877|Endezeit: 19.11 10:20:13,892| Diff: 15 ms Sortiert: true
Quick Sort random Zufallszahlen Wechsel bei 75, 1246 Zahlen Startzeit: 19.11 10:20:13,877|Endezeit: 19.11 10:20:13,877| Diff: 0 ms Sortiert: true
Quick Sort random aufsteigend 1246 Zahlen Startzeit: 19.11 10:20:13,877|Endezeit: 19.11 10:20:13,892| Diff: 15 ms Sortiert: true
Quick Sort random absteigend 1246 Zahlen Startzeit: 19.11 10:20:13,892|Endezeit: 19.11 10:20:13,892| Diff: 0 ms Sortiert: true
Quick Sort left Zufallszahlen Wechsel bei 75, 1246 Zahlen Startzeit: 19.11 10:20:13,877|Endezeit: 19.11 10:20:13,877| Diff: 0 ms Sortiert: true
Quick Sort left aufsteigend 1246 Zahlen Startzeit: 19.11 10:20:13,877|Endezeit: 19.11 10:20:13,908| Diff: 31 ms Sortiert: true
Quick Sort left absteigend 1246 Zahlen Startzeit: 19.11 10:20:13,908|Endezeit: 19.11 10:20:13,002| Diff: 94 ms Sortiert: true
Quick Sort right Zufallszahlen Wechsel bei 75, 1246 Zahlen Startzeit: 19.11 10:20:13,877|Endezeit: 19.11 10:20:13,877| Diff: 0 ms Sortiert: true
Quick Sort right aufsteigend 1246 Zahlen Startzeit: 19.11 10:20:13,877|Endezeit: 19.11 10:20:13,971| Diff: 94 ms Sortiert: true
Quick Sort right absteigend 1246 Zahlen Startzeit: 19.11 10:20:13,971|Endezeit: 19.11 10:20:14,002| Diff: 31 ms Sortiert: true
Quick Sort median Zufallszahlen Wechsel bei 75, 12446 Zahlen Startzeit: 19.11 10:24:04,111|Endezeit: 19.11 10:24:04,189| Diff: 78 ms Sortiert: true
Quick Sort median aufsteigend 12446 Zahlen Startzeit: 19.11 10:24:04,189|Endezeit: 19.11 10:24:04,299| Diff: 110 ms Sortiert: true
Quick Sort median absteigend 12446 Zahlen Startzeit: 19.11 10:24:04,299|Endezeit: 19.11 10:24:04,314| Diff: 15 ms Sortiert: true
Quick Sort middle Zufallszahlen Wechsel bei 75, 12446 Zahlen Startzeit: 19.11 10:24:04,127|Endezeit: 19.11 10:24:04,189| Diff: 62 ms Sortiert: true
Quick Sort middle aufsteigend 12446 Zahlen Startzeit: 19.11 10:24:04,189|Endezeit: 19.11 10:24:04,314| Diff: 125 ms Sortiert: true
Quick Sort middle absteigend 12446 Zahlen Startzeit: 19.11 10:24:04,314|Endezeit: 19.11 10:24:04,330| Diff: 16 ms Sortiert: true
Heap Sort Zufallszahlen 12446 Zahlen Startzeit: 19.11 10:24:04,111|Endezeit: 19.11 10:24:04,330| Diff: 219 ms Sortiert: true
Heap Sort aufsteigend 12446 Zahlen Startzeit: 19.11 10:24:04,330|Endezeit: 19.11 10:24:04,486| Diff: 156 ms Sortiert: true
Heap Sort absteigend 12446 Zahlen Startzeit: 19.11 10:24:04,486|Endezeit: 19.11 10:24:04,642| Diff: 141 ms Sortiert: true
Quick Sort random Zufallszahlen Wechsel bei 75, 12446 Zahlen Startzeit: 19.11 10:24:04,127|Endezeit: 19.11 10:24:04,314| Diff: 187 ms Sortiert: true
Quick Sort random aufsteigend 12446 Zahlen Startzeit: 19.11 10:24:04,314|Endezeit: 19.11 10:24:04,517| Diff: 203 ms Sortiert: true
Quick Sort random absteigend 12446 Zahlen Startzeit: 19.11 10:24:04,517|Endezeit: 19.11 10:24:04,674| Diff: 157 ms Sortiert: true
Insertion Sort Zufallszahlen 1244 Zahlen Startzeit: 19.11 10:24:04,127|Endezeit: 19.11 10:24:04,752| Diff: 625 ms Sortiert: true
Insertion Sort aufsteigend 1244 Zahlen Startzeit: 19.11 10:24:04,752|Endezeit: 19.11 10:24:06,533| Diff: 1781 ms Sortiert: true
Insertion Sort absteigend 1244 Zahlen Startzeit: 19.11 10:24:06,533|Endezeit: 19.11 10:24:06,533| Diff: 0 ms Sortiert: true
Quick Sort right Zufallszahlen Wechsel bei 75, 12446 Zahlen Startzeit: 19.11 10:24:04,127|Endezeit: 19.11 10:24:04,189| Diff: 62 ms Sortiert: true
Quick Sort right aufsteigend 12446 Zahlen Startzeit: 19.11 10:24:04,189|Endezeit: 19.11 10:24:14,314| Diff: 10125 ms Sortiert: true
Quick Sort right absteigend 12446 Zahlen Startzeit: 19.11 10:24:14,314|Endezeit: 19.11 10:24:18,205| Diff: 3891 ms Sortiert: true
Quick Sort left Zufallszahlen Wechsel bei 75, 12446 Zahlen Startzeit: 19.11 10:24:04,127|Endezeit: 19.11 10:24:04,189| Diff: 62 ms Sortiert: true
Quick Sort left aufsteigend 12446 Zahlen Startzeit: 19.11 10:24:04,189|Endezeit: 19.11 10:24:08,127| Diff: 3938 ms Sortiert: true
Quick Sort left absteigend 12446 Zahlen Startzeit: 19.11 10:24:08,127|Endezeit: 19.11 10:24:18,361| Diff: 10234 ms Sortiert: true
Insertion Sort Zufallszahlen 124 Zahlen Startzeit: 19.11 10:45:38,731|Endezeit: 19.11 10:45:38,731| Diff: 0 ms Sortiert: true
Insertion Sort aufsteigend 124 Zahlen Startzeit: 19.11 10:45:38,731|Endezeit: 19.11 10:45:38,747| Diff: 16 ms Sortiert: true
Insertion Sort absteigend 124 Zahlen Startzeit: 19.11 10:45:38,747|Endezeit: 19.11 10:45:38,747| Diff: 0 ms Sortiert: true
Quick Sort median Zufallszahlen Wechsel bei 75, 1246 Zahlen Startzeit: 19.11 10:45:38,731|Endezeit: 19.11 10:45:38,731| Diff: 0 ms Sortiert: true
Quick Sort median aufsteigend 1246 Zahlen Startzeit: 19.11 10:45:38,731|Endezeit: 19.11 10:45:38,747| Diff: 16 ms Sortiert: true
Quick Sort median absteigend 1246 Zahlen Startzeit: 19.11 10:45:38,747|Endezeit: 19.11 10:45:38,747| Diff: 0 ms Sortiert: true
Quick Sort middle Zufallszahlen Wechsel bei 75, 1246 Zahlen Startzeit: 19.11 10:45:38,731|Endezeit: 19.11 10:45:38,747| Diff: 16 ms Sortiert: true
Quick Sort middle aufsteigend 1246 Zahlen Startzeit: 19.11 10:45:38,747|Endezeit: 19.11 10:45:38,747| Diff: 0 ms Sortiert: true
Quick Sort middle absteigend 1246 Zahlen Startzeit: 19.11 10:45:38,747|Endezeit: 19.11 10:45:38,747| Diff: 0 ms Sortiert: true
Quick Sort random Zufallszahlen Wechsel bei 75, 1246 Zahlen Startzeit: 19.11 10:45:38,731|Endezeit: 19.11 10:45:38,747| Diff: 16 ms Sortiert: true
Quick Sort random aufsteigend 1246 Zahlen Startzeit: 19.11 10:45:38,747|Endezeit: 19.11 10:45:38,747| Diff: 0 ms Sortiert: true
Quick Sort random absteigend 1246 Zahlen Startzeit: 19.11 10:45:38,747|Endezeit: 19.11 10:45:38,762| Diff: 15 ms Sortiert: true
Quick Sort left Zufallszahlen Wechsel bei 75, 1246 Zahlen Startzeit: 19.11 10:45:38,731|Endezeit: 19.11 10:45:38,747| Diff: 16 ms Sortiert: true
Quick Sort left aufsteigend 1246 Zahlen Startzeit: 19.11 10:45:38,747|Endezeit: 19.11 10:45:38,762| Diff: 15 ms Sortiert: true
Quick Sort left absteigend 1246 Zahlen Startzeit: 19.11 10:45:38,762|Endezeit: 19.11 10:45:38,841| Diff: 79 ms Sortiert: true
Quick Sort right Zufallszahlen Wechsel bei 75, 1246 Zahlen Startzeit: 19.11 10:45:38,731|Endezeit: 19.11 10:45:38,731| Diff: 0 ms Sortiert: true
Quick Sort right aufsteigend 1246 Zahlen Startzeit: 19.11 10:45:38,731|Endezeit: 19.11 10:45:38,825| Diff: 94 ms Sortiert: true
Quick Sort right absteigend 1246 Zahlen Startzeit: 19.11 10:45:38,825|Endezeit: 19.11 10:45:38,872| Diff: 47 ms Sortiert: true
Insertion Sort Zufallszahlen 124 Zahlen Startzeit: 19.11 10:46:52,949|Endezeit: 19.11 10:46:52,949| Diff: 0 ms Sortiert: true
Insertion Sort aufsteigend 124 Zahlen Startzeit: 19.11 10:46:52,949|Endezeit: 19.11 10:46:52,949| Diff: 0 ms Sortiert: true
Insertion Sort absteigend 124 Zahlen Startzeit: 19.11 10:46:52,949|Endezeit: 19.11 10:46:52,949| Diff: 0 ms Sortiert: true
Quick Sort median Zufallszahlen Wechsel bei 75, 1246 Zahlen Startzeit: 19.11 10:46:52,949|Endezeit: 19.11 10:46:52,949| Diff: 0 ms Sortiert: true
Quick Sort median aufsteigend 1246 Zahlen Startzeit: 19.11 10:46:52,949|Endezeit: 19.11 10:46:52,949| Diff: 0 ms Sortiert: true
Quick Sort median absteigend 1246 Zahlen Startzeit: 19.11 10:46:52,949|Endezeit: 19.11 10:46:52,949| Diff: 0 ms Sortiert: true
Quick Sort middle Zufallszahlen Wechsel bei 75, 1246 Zahlen Startzeit: 19.11 10:46:52,949|Endezeit: 19.11 10:46:52,949| Diff: 0 ms Sortiert: true
Quick Sort middle aufsteigend 1246 Zahlen Startzeit: 19.11 10:46:52,949|Endezeit: 19.11 10:46:52,949| Diff: 0 ms Sortiert: true
Quick Sort middle absteigend 1246 Zahlen Startzeit: 19.11 10:46:52,949|Endezeit: 19.11 10:46:52,949| Diff: 0 ms Sortiert: true
Heap Sort Zufallszahlen 1246 Zahlen Startzeit: 19.11 10:46:52,949|Endezeit: 19.11 10:46:52,949| Diff: 0 ms Sortiert: true
Heap Sort aufsteigend 1246 Zahlen Startzeit: 19.11 10:46:52,949|Endezeit: 19.11 10:46:52,949| Diff: 0 ms Sortiert: true
Heap Sort absteigend 1246 Zahlen Startzeit: 19.11 10:46:52,949|Endezeit: 19.11 10:46:52,965| Diff: 16 ms Sortiert: true
Quick Sort random Zufallszahlen Wechsel bei 75, 1246 Zahlen Startzeit: 19.11 10:46:52,949|Endezeit: 19.11 10:46:52,949| Diff: 0 ms Sortiert: true
Quick Sort random aufsteigend 1246 Zahlen Startzeit: 19.11 10:46:52,949|Endezeit: 19.11 10:46:52,965| Diff: 16 ms Sortiert: true
Quick Sort random absteigend 1246 Zahlen Startzeit: 19.11 10:46:52,965|Endezeit: 19.11 10:46:52,965| Diff: 0 ms Sortiert: true
Quick Sort left Zufallszahlen Wechsel bei 75, 1246 Zahlen Startzeit: 19.11 10:46:52,949|Endezeit: 19.11 10:46:52,949| Diff: 0 ms Sortiert: true
Quick Sort left aufsteigend 1246 Zahlen Startzeit: 19.11 10:46:52,949|Endezeit: 19.11 10:46:52,980| Diff: 31 ms Sortiert: true
Quick Sort left absteigend 1246 Zahlen Startzeit: 19.11 10:46:52,980|Endezeit: 19.11 10:46:53,058| Diff: 78 ms Sortiert: true
Quick Sort right Zufallszahlen Wechsel bei 75, 1246 Zahlen Startzeit: 19.11 10:46:52,949|Endezeit: 19.11 10:46:52,949| Diff: 0 ms Sortiert: true
Quick Sort right aufsteigend 1246 Zahlen Startzeit: 19.11 10:46:52,949|Endezeit: 19.11 10:46:53,043| Diff: 94 ms Sortiert: true
Quick Sort right absteigend 1246 Zahlen Startzeit: 19.11 10:46:53,043|Endezeit: 19.11 10:46:53,090| Diff: 47 ms Sortiert: true
Insertion Sort Zufallszahlen 124 Zahlen Startzeit: 19.11 10:48:17,574|Endezeit: 19.11 10:48:17,574| Diff: 0 ms Sortiert: true
Insertion Sort aufsteigend 124 Zahlen Startzeit: 19.11 10:48:17,574|Endezeit: 19.11 10:48:17,574| Diff: 0 ms Sortiert: true
Insertion Sort absteigend 124 Zahlen Startzeit: 19.11 10:48:17,574|Endezeit: 19.11 10:48:17,574| Diff: 0 ms Sortiert: true
Quick Sort median Zufallszahlen Wechsel bei 75, 1246 Zahlen Startzeit: 19.11 10:48:17,574|Endezeit: 19.11 10:48:17,574| Diff: 0 ms Sortiert: true
Quick Sort median aufsteigend 1246 Zahlen Startzeit: 19.11 10:48:17,574|Endezeit: 19.11 10:48:17,590| Diff: 16 ms Sortiert: true
Quick Sort median absteigend 1246 Zahlen Startzeit: 19.11 10:48:17,590|Endezeit: 19.11 10:48:17,590| Diff: 0 ms Sortiert: true
Quick Sort middle Zufallszahlen Wechsel bei 75, 1246 Zahlen Startzeit: 19.11 10:48:17,574|Endezeit: 19.11 10:48:17,574| Diff: 0 ms Sortiert: true
Quick Sort middle aufsteigend 1246 Zahlen Startzeit: 19.11 10:48:17,574|Endezeit: 19.11 10:48:17,590| Diff: 16 ms Sortiert: true
Quick Sort middle absteigend 1246 Zahlen Startzeit: 19.11 10:48:17,590|Endezeit: 19.11 10:48:17,590| Diff: 0 ms Sortiert: true
Heap Sort Zufallszahlen 1246 Zahlen Startzeit: 19.11 10:48:17,574|Endezeit: 19.11 10:48:17,574| Diff: 0 ms Sortiert: true
Heap Sort aufsteigend 1246 Zahlen Startzeit: 19.11 10:48:17,574|Endezeit: 19.11 10:48:17,590| Diff: 16 ms Sortiert: true
Heap Sort absteigend 1246 Zahlen Startzeit: 19.11 10:48:17,590|Endezeit: 19.11 10:48:17,590| Diff: 0 ms Sortiert: true
Quick Sort random Zufallszahlen Wechsel bei 75, 1246 Zahlen Startzeit: 19.11 10:48:17,574|Endezeit: 19.11 10:48:17,590| Diff: 16 ms Sortiert: true
Quick Sort random aufsteigend 1246 Zahlen Startzeit: 19.11 10:48:17,590|Endezeit: 19.11 10:48:17,590| Diff: 0 ms Sortiert: true
Quick Sort random absteigend 1246 Zahlen Startzeit: 19.11 10:48:17,590|Endezeit: 19.11 10:48:17,590| Diff: 0 ms Sortiert: true
Quick Sort left Zufallszahlen Wechsel bei 75, 1246 Zahlen Startzeit: 19.11 10:48:17,574|Endezeit: 19.11 10:48:17,574| Diff: 0 ms Sortiert: true
Quick Sort left aufsteigend 1246 Zahlen Startzeit: 19.11 10:48:17,574|Endezeit: 19.11 10:48:17,605| Diff: 31 ms Sortiert: true
Quick Sort left absteigend 1246 Zahlen Startzeit: 19.11 10:48:17,605|Endezeit: 19.11 10:48:17,699| Diff: 94 ms Sortiert: true
Quick Sort right Zufallszahlen Wechsel bei 75, 1246 Zahlen Startzeit: 19.11 10:48:17,574|Endezeit: 19.11 10:48:17,574| Diff: 0 ms Sortiert: true
Quick Sort right aufsteigend 1246 Zahlen Startzeit: 19.11 10:48:17,574|Endezeit: 19.11 10:48:17,683| Diff: 109 ms Sortiert: true
Quick Sort right absteigend 1246 Zahlen Startzeit: 19.11 10:48:17,683|Endezeit: 19.11 10:48:17,715| Diff: 32 ms Sortiert: true
Insertion Sort Zufallszahlen 124 Zahlen Startzeit: 19.11 10:49:29,261|Endezeit: 19.11 10:49:29,261| Diff: 0 ms Sortiert: true
Insertion Sort aufsteigend 124 Zahlen Startzeit: 19.11 10:49:29,261|Endezeit: 19.11 10:49:29,261| Diff: 0 ms Sortiert: true
Insertion Sort absteigend 124 Zahlen Startzeit: 19.11 10:49:29,277|Endezeit: 19.11 10:49:29,277| Diff: 0 ms Sortiert: true
Quick Sort median Zufallszahlen Wechsel bei 75, 1246 Zahlen Startzeit: 19.11 10:49:29,261|Endezeit: 19.11 10:49:29,261| Diff: 0 ms Sortiert: true
Quick Sort median aufsteigend 1246 Zahlen Startzeit: 19.11 10:49:29,261|Endezeit: 19.11 10:49:29,277| Diff: 16 ms Sortiert: true
Quick Sort median absteigend 1246 Zahlen Startzeit: 19.11 10:49:29,277|Endezeit: 19.11 10:49:29,277| Diff: 0 ms Sortiert: true
Quick Sort middle Zufallszahlen Wechsel bei 75, 1246 Zahlen Startzeit: 19.11 10:49:29,261|Endezeit: 19.11 10:49:29,277| Diff: 16 ms Sortiert: true
Quick Sort middle aufsteigend 1246 Zahlen Startzeit: 19.11 10:49:29,277|Endezeit: 19.11 10:49:29,277| Diff: 0 ms Sortiert: true
Quick Sort middle absteigend 1246 Zahlen Startzeit: 19.11 10:49:29,277|Endezeit: 19.11 10:49:29,277| Diff: 0 ms Sortiert: true
Heap Sort Zufallszahlen 1246 Zahlen Startzeit: 19.11 10:49:29,261|Endezeit: 19.11 10:49:29,261| Diff: 0 ms Sortiert: true
Heap Sort aufsteigend 1246 Zahlen Startzeit: 19.11 10:49:29,277|Endezeit: 19.11 10:49:29,277| Diff: 0 ms Sortiert: true
Heap Sort absteigend 1246 Zahlen Startzeit: 19.11 10:49:29,277|Endezeit: 19.11 10:49:29,277| Diff: 0 ms Sortiert: true
Quick Sort random Zufallszahlen Wechsel bei 75, 1246 Zahlen Startzeit: 19.11 10:49:29,261|Endezeit: 19.11 10:49:29,277| Diff: 16 ms Sortiert: true
Quick Sort random aufsteigend 1246 Zahlen Startzeit: 19.11 10:49:29,277|Endezeit: 19.11 10:49:29,277| Diff: 0 ms Sortiert: true
Quick Sort random absteigend 1246 Zahlen Startzeit: 19.11 10:49:29,277|Endezeit: 19.11 10:49:29,293| Diff: 16 ms Sortiert: true
Quick Sort left Zufallszahlen Wechsel bei 75, 1246 Zahlen Startzeit: 19.11 10:49:29,261|Endezeit: 19.11 10:49:29,261| Diff: 0 ms Sortiert: true
Quick Sort left aufsteigend 1246 Zahlen Startzeit: 19.11 10:49:29,261|Endezeit: 19.11 10:49:29,308| Diff: 47 ms Sortiert: true
Quick Sort left absteigend 1246 Zahlen Startzeit: 19.11 10:49:29,308|Endezeit: 19.11 10:49:29,402| Diff: 94 ms Sortiert: true
Quick Sort right Zufallszahlen Wechsel bei 75, 1246 Zahlen Startzeit: 19.11 10:49:29,261|Endezeit: 19.11 10:49:29,261| Diff: 0 ms Sortiert: true
Quick Sort right aufsteigend 1246 Zahlen Startzeit: 19.11 10:49:29,261|Endezeit: 19.11 10:49:29,371| Diff: 110 ms Sortiert: true
Quick Sort right absteigend 1246 Zahlen Startzeit: 19.11 10:49:29,371|Endezeit: 19.11 10:49:29,418| Diff: 47 ms Sortiert: true
Quick Sort middle Zufallszahlen Wechsel bei 75, 1246 Zahlen Startzeit: 19.11 10:50:38,745|Endezeit: 19.11 10:50:38,745| Diff: 0 ms Sortiert: true
Quick Sort middle aufsteigend 1246 Zahlen Startzeit: 19.11 10:50:38,745|Endezeit: 19.11 10:50:38,760| Diff: 15 ms Sortiert: true
Quick Sort middle absteigend 1246 Zahlen Startzeit: 19.11 10:50:38,760|Endezeit: 19.11 10:50:38,760| Diff: 0 ms Sortiert: true
Quick Sort median Zufallszahlen Wechsel bei 75, 1246 Zahlen Startzeit: 19.11 10:50:38,745|Endezeit: 19.11 10:50:38,745| Diff: 0 ms Sortiert: true
Quick Sort median aufsteigend 1246 Zahlen Startzeit: 19.11 10:50:38,745|Endezeit: 19.11 10:50:38,760| Diff: 15 ms Sortiert: true
Quick Sort median absteigend 1246 Zahlen Startzeit: 19.11 10:50:38,760|Endezeit: 19.11 10:50:38,760| Diff: 0 ms Sortiert: true
Insertion Sort Zufallszahlen 124 Zahlen Startzeit: 19.11 10:50:38,745|Endezeit: 19.11 10:50:38,745| Diff: 0 ms Sortiert: true
Insertion Sort aufsteigend 124 Zahlen Startzeit: 19.11 10:50:38,745|Endezeit: 19.11 10:50:38,760| Diff: 15 ms Sortiert: true
Insertion Sort absteigend 124 Zahlen Startzeit: 19.11 10:50:38,760|Endezeit: 19.11 10:50:38,760| Diff: 0 ms Sortiert: true
Quick Sort random Zufallszahlen Wechsel bei 75, 1246 Zahlen Startzeit: 19.11 10:50:38,745|Endezeit: 19.11 10:50:38,760| Diff: 15 ms Sortiert: true
Quick Sort random aufsteigend 1246 Zahlen Startzeit: 19.11 10:50:38,760|Endezeit: 19.11 10:50:38,776| Diff: 16 ms Sortiert: true
Quick Sort random absteigend 1246 Zahlen Startzeit: 19.11 10:50:38,776|Endezeit: 19.11 10:50:38,776| Diff: 0 ms Sortiert: true
Quick Sort left Zufallszahlen Wechsel bei 75, 1246 Zahlen Startzeit: 19.11 10:50:38,745|Endezeit: 19.11 10:50:38,745| Diff: 0 ms Sortiert: true
Quick Sort left aufsteigend 1246 Zahlen Startzeit: 19.11 10:50:38,745|Endezeit: 19.11 10:50:38,792| Diff: 47 ms Sortiert: true
Quick Sort left absteigend 1246 Zahlen Startzeit: 19.11 10:50:38,792|Endezeit: 19.11 10:50:38,870| Diff: 78 ms Sortiert: true
Quick Sort right Zufallszahlen Wechsel bei 75, 1246 Zahlen Startzeit: 19.11 10:50:38,745|Endezeit: 19.11 10:50:38,745| Diff: 0 ms Sortiert: true
Quick Sort right aufsteigend 1246 Zahlen Startzeit: 19.11 10:50:38,745|Endezeit: 19.11 10:50:38,839| Diff: 94 ms Sortiert: true
Quick Sort right absteigend 1246 Zahlen Startzeit: 19.11 10:50:38,839|Endezeit: 19.11 10:50:38,885| Diff: 46 ms Sortiert: true
Quick Sort middle Zufallszahlen Wechsel bei 75, 1246 Zahlen Startzeit: 19.11 10:53:40,198|Endezeit: 19.11 10:53:40,198| Diff: 0 ms Sortiert: true
Quick Sort middle aufsteigend 1246 Zahlen Startzeit: 19.11 10:53:40,198|Endezeit: 19.11 10:53:40,198| Diff: 0 ms Sortiert: true
Quick Sort middle absteigend 1246 Zahlen Startzeit: 19.11 10:53:40,198|Endezeit: 19.11 10:53:40,198| Diff: 0 ms Sortiert: true
Quick Sort median Zufallszahlen Wechsel bei 75, 1246 Zahlen Startzeit: 19.11 10:53:40,198|Endezeit: 19.11 10:53:40,198| Diff: 0 ms Sortiert: true
Quick Sort median aufsteigend 1246 Zahlen Startzeit: 19.11 10:53:40,198|Endezeit: 19.11 10:53:40,198| Diff: 0 ms Sortiert: true
Quick Sort median absteigend 1246 Zahlen Startzeit: 19.11 10:53:40,198|Endezeit: 19.11 10:53:40,198| Diff: 0 ms Sortiert: true
Insertion Sort Zufallszahlen 124 Zahlen Startzeit: 19.11 10:53:40,198|Endezeit: 19.11 10:53:40,198| Diff: 0 ms Sortiert: true
Insertion Sort aufsteigend 124 Zahlen Startzeit: 19.11 10:53:40,198|Endezeit: 19.11 10:53:40,214| Diff: 16 ms Sortiert: true
Insertion Sort absteigend 124 Zahlen Startzeit: 19.11 10:53:40,214|Endezeit: 19.11 10:53:40,214| Diff: 0 ms Sortiert: true
Heap Sort Zufallszahlen 1246 Zahlen Startzeit: 19.11 10:53:40,198|Endezeit: 19.11 10:53:40,198| Diff: 0 ms Sortiert: false
Heap Sort aufsteigend 1246 Zahlen Startzeit: 19.11 10:53:40,198|Endezeit: 19.11 10:53:40,214| Diff: 16 ms Sortiert: false
Heap Sort absteigend 1246 Zahlen Startzeit: 19.11 10:53:40,214|Endezeit: 19.11 10:53:40,214| Diff: 0 ms Sortiert: true
Quick Sort random Zufallszahlen Wechsel bei 75, 1246 Zahlen Startzeit: 19.11 10:53:40,198|Endezeit: 19.11 10:53:40,198| Diff: 0 ms Sortiert: true
Quick Sort random aufsteigend 1246 Zahlen Startzeit: 19.11 10:53:40,198|Endezeit: 19.11 10:53:40,214| Diff: 16 ms Sortiert: true
Quick Sort random absteigend 1246 Zahlen Startzeit: 19.11 10:53:40,214|Endezeit: 19.11 10:53:40,214| Diff: 0 ms Sortiert: true
Quick Sort left Zufallszahlen Wechsel bei 75, 1246 Zahlen Startzeit: 19.11 10:53:40,198|Endezeit: 19.11 10:53:40,198| Diff: 0 ms Sortiert: true
Quick Sort left aufsteigend 1246 Zahlen Startzeit: 19.11 10:53:40,198|Endezeit: 19.11 10:53:40,229| Diff: 31 ms Sortiert: true
Quick Sort left absteigend 1246 Zahlen Startzeit: 19.11 10:53:40,229|Endezeit: 19.11 10:53:40,307| Diff: 78 ms Sortiert: true
Quick Sort right Zufallszahlen Wechsel bei 75, 1246 Zahlen Startzeit: 19.11 10:53:40,198|Endezeit: 19.11 10:53:40,198| Diff: 0 ms Sortiert: true
Quick Sort right aufsteigend 1246 Zahlen Startzeit: 19.11 10:53:40,198|Endezeit: 19.11 10:53:40,292| Diff: 94 ms Sortiert: true
Quick Sort right absteigend 1246 Zahlen Startzeit: 19.11 10:53:40,292|Endezeit: 19.11 10:53:40,339| Diff: 47 ms Sortiert: true
Insertion Sort Zufallszahlen 124 Zahlen Startzeit: 19.11 10:54:22,619|Endezeit: 19.11 10:54:22,619| Diff: 0 ms Sortiert: true
Insertion Sort aufsteigend 124 Zahlen Startzeit: 19.11 10:54:22,619|Endezeit: 19.11 10:54:22,619| Diff: 0 ms Sortiert: true
Insertion Sort absteigend 124 Zahlen Startzeit: 19.11 10:54:22,619|Endezeit: 19.11 10:54:22,619| Diff: 0 ms Sortiert: true
Quick Sort median Zufallszahlen Wechsel bei 75, 1246 Zahlen Startzeit: 19.11 10:54:22,619|Endezeit: 19.11 10:54:22,619| Diff: 0 ms Sortiert: true
Quick Sort median aufsteigend 1246 Zahlen Startzeit: 19.11 10:54:22,619|Endezeit: 19.11 10:54:22,619| Diff: 0 ms Sortiert: true
Quick Sort median absteigend 1246 Zahlen Startzeit: 19.11 10:54:22,619|Endezeit: 19.11 10:54:22,619| Diff: 0 ms Sortiert: true
Quick Sort middle Zufallszahlen Wechsel bei 75, 1246 Zahlen Startzeit: 19.11 10:54:22,619|Endezeit: 19.11 10:54:22,619| Diff: 0 ms Sortiert: true
Quick Sort middle aufsteigend 1246 Zahlen Startzeit: 19.11 10:54:22,619|Endezeit: 19.11 10:54:22,619| Diff: 0 ms Sortiert: true
Quick Sort middle absteigend 1246 Zahlen Startzeit: 19.11 10:54:22,619|Endezeit: 19.11 10:54:22,619| Diff: 0 ms Sortiert: true
Heap Sort Zufallszahlen 1246 Zahlen Startzeit: 19.11 10:54:22,619|Endezeit: 19.11 10:54:22,619| Diff: 0 ms Sortiert: true
Heap Sort aufsteigend 1246 Zahlen Startzeit: 19.11 10:54:22,619|Endezeit: 19.11 10:54:22,634| Diff: 15 ms Sortiert: true
Heap Sort absteigend 1246 Zahlen Startzeit: 19.11 10:54:22,634|Endezeit: 19.11 10:54:22,634| Diff: 0 ms Sortiert: true
Quick Sort random Zufallszahlen Wechsel bei 75, 1246 Zahlen Startzeit: 19.11 10:54:22,619|Endezeit: 19.11 10:54:22,634| Diff: 15 ms Sortiert: true
Quick Sort random aufsteigend 1246 Zahlen Startzeit: 19.11 10:54:22,634|Endezeit: 19.11 10:54:22,634| Diff: 0 ms Sortiert: true
Quick Sort random absteigend 1246 Zahlen Startzeit: 19.11 10:54:22,634|Endezeit: 19.11 10:54:22,634| Diff: 0 ms Sortiert: true
Quick Sort left Zufallszahlen Wechsel bei 75, 1246 Zahlen Startzeit: 19.11 10:54:22,619|Endezeit: 19.11 10:54:22,619| Diff: 0 ms Sortiert: true
Quick Sort left aufsteigend 1246 Zahlen Startzeit: 19.11 10:54:22,619|Endezeit: 19.11 10:54:22,650| Diff: 31 ms Sortiert: true
Quick Sort left absteigend 1246 Zahlen Startzeit: 19.11 10:54:22,650|Endezeit: 19.11 10:54:22,744| Diff: 94 ms Sortiert: true
Quick Sort right Zufallszahlen Wechsel bei 75, 1246 Zahlen Startzeit: 19.11 10:54:22,619|Endezeit: 19.11 10:54:22,619| Diff: 0 ms Sortiert: true
Quick Sort right aufsteigend 1246 Zahlen Startzeit: 19.11 10:54:22,619|Endezeit: 19.11 10:54:22,713| Diff: 94 ms Sortiert: true
Quick Sort right absteigend 1246 Zahlen Startzeit: 19.11 10:54:22,713|Endezeit: 19.11 10:54:22,744| Diff: 31 ms Sortiert: true
Insertion Sort Zufallszahlen 124 Zahlen Startzeit: 19.11 11:03:01,414|Endezeit: 19.11 11:03:01,414| Diff: 0 ms Sortiert: true
Insertion Sort aufsteigend 124 Zahlen Startzeit: 19.11 11:03:01,414|Endezeit: 19.11 11:03:01,414| Diff: 0 ms Sortiert: true
Insertion Sort absteigend 124 Zahlen Startzeit: 19.11 11:03:01,414|Endezeit: 19.11 11:03:01,414| Diff: 0 ms Sortiert: true
Quick Sort median Zufallszahlen Wechsel bei 75, 1246 Zahlen Startzeit: 19.11 11:03:01,414|Endezeit: 19.11 11:03:01,414| Diff: 0 ms Sortiert: true
Quick Sort median aufsteigend 1246 Zahlen Startzeit: 19.11 11:03:01,414|Endezeit: 19.11 11:03:01,414| Diff: 0 ms Sortiert: true
Quick Sort median absteigend 1246 Zahlen Startzeit: 19.11 11:03:01,414|Endezeit: 19.11 11:03:01,414| Diff: 0 ms Sortiert: true
Quick Sort middle Zufallszahlen Wechsel bei 75, 1246 Zahlen Startzeit: 19.11 11:03:01,414|Endezeit: 19.11 11:03:01,414| Diff: 0 ms Sortiert: true
Quick Sort middle aufsteigend 1246 Zahlen Startzeit: 19.11 11:03:01,414|Endezeit: 19.11 11:03:01,414| Diff: 0 ms Sortiert: true
Quick Sort middle absteigend 1246 Zahlen Startzeit: 19.11 11:03:01,414|Endezeit: 19.11 11:03:01,414| Diff: 0 ms Sortiert: true
Heap Sort Zufallszahlen 1246 Zahlen Startzeit: 19.11 11:03:01,414|Endezeit: 19.11 11:03:01,414| Diff: 0 ms Sortiert: false
Heap Sort aufsteigend 1246 Zahlen Startzeit: 19.11 11:03:01,414|Endezeit: 19.11 11:03:01,414| Diff: 0 ms Sortiert: false
Heap Sort absteigend 1246 Zahlen Startzeit: 19.11 11:03:01,414|Endezeit: 19.11 11:03:01,429| Diff: 15 ms Sortiert: true
Quick Sort random Zufallszahlen Wechsel bei 75, 1246 Zahlen Startzeit: 19.11 11:03:01,414|Endezeit: 19.11 11:03:01,414| Diff: 0 ms Sortiert: true
Quick Sort random aufsteigend 1246 Zahlen Startzeit: 19.11 11:03:01,414|Endezeit: 19.11 11:03:01,429| Diff: 15 ms Sortiert: true
Quick Sort random absteigend 1246 Zahlen Startzeit: 19.11 11:03:01,429|Endezeit: 19.11 11:03:01,429| Diff: 0 ms Sortiert: true
Quick Sort left Zufallszahlen Wechsel bei 75, 1246 Zahlen Startzeit: 19.11 11:03:01,414|Endezeit: 19.11 11:03:01,414| Diff: 0 ms Sortiert: true
Quick Sort left aufsteigend 1246 Zahlen Startzeit: 19.11 11:03:01,414|Endezeit: 19.11 11:03:01,445| Diff: 31 ms Sortiert: true
Quick Sort left absteigend 1246 Zahlen Startzeit: 19.11 11:03:01,445|Endezeit: 19.11 11:03:01,523| Diff: 78 ms Sortiert: true
Quick Sort right Zufallszahlen Wechsel bei 75, 1246 Zahlen Startzeit: 19.11 11:03:01,414|Endezeit: 19.11 11:03:01,414| Diff: 0 ms Sortiert: true
Quick Sort right aufsteigend 1246 Zahlen Startzeit: 19.11 11:03:01,414|Endezeit: 19.11 11:03:01,507| Diff: 93 ms Sortiert: true
Quick Sort right absteigend 1246 Zahlen Startzeit: 19.11 11:03:01,507|Endezeit: 19.11 11:03:01,554| Diff: 47 ms Sortiert: true
Insertion Sort Zufallszahlen 124 Zahlen Startzeit: 19.11 11:03:59,117|Endezeit: 19.11 11:03:59,117| Diff: 0 ms Sortiert: true
Insertion Sort aufsteigend 124 Zahlen Startzeit: 19.11 11:03:59,117|Endezeit: 19.11 11:03:59,117| Diff: 0 ms Sortiert: true
Insertion Sort absteigend 124 Zahlen Startzeit: 19.11 11:03:59,117|Endezeit: 19.11 11:03:59,117| Diff: 0 ms Sortiert: true
Quick Sort middle Zufallszahlen Wechsel bei 75, 1246 Zahlen Startzeit: 19.11 11:03:59,117|Endezeit: 19.11 11:03:59,117| Diff: 0 ms Sortiert: true
Quick Sort middle aufsteigend 1246 Zahlen Startzeit: 19.11 11:03:59,117|Endezeit: 19.11 11:03:59,117| Diff: 0 ms Sortiert: true
Quick Sort middle absteigend 1246 Zahlen Startzeit: 19.11 11:03:59,117|Endezeit: 19.11 11:03:59,117| Diff: 0 ms Sortiert: true
Quick Sort median Zufallszahlen Wechsel bei 75, 1246 Zahlen Startzeit: 19.11 11:03:59,117|Endezeit: 19.11 11:03:59,117| Diff: 0 ms Sortiert: true
Quick Sort median aufsteigend 1246 Zahlen Startzeit: 19.11 11:03:59,117|Endezeit: 19.11 11:03:59,117| Diff: 0 ms Sortiert: true
Quick Sort median absteigend 1246 Zahlen Startzeit: 19.11 11:03:59,117|Endezeit: 19.11 11:03:59,117| Diff: 0 ms Sortiert: true
Heap Sort Zufallszahlen 1246 Zahlen Startzeit: 19.11 11:03:59,117|Endezeit: 19.11 11:03:59,117| Diff: 0 ms Sortiert: false
Heap Sort aufsteigend 1246 Zahlen Startzeit: 19.11 11:03:59,117|Endezeit: 19.11 11:03:59,117| Diff: 0 ms Sortiert: false
Heap Sort absteigend 1246 Zahlen Startzeit: 19.11 11:03:59,117|Endezeit: 19.11 11:03:59,132| Diff: 15 ms Sortiert: true
Quick Sort random Zufallszahlen Wechsel bei 75, 1246 Zahlen Startzeit: 19.11 11:03:59,117|Endezeit: 19.11 11:03:59,117| Diff: 0 ms Sortiert: true
Quick Sort random aufsteigend 1246 Zahlen Startzeit: 19.11 11:03:59,117|Endezeit: 19.11 11:03:59,132| Diff: 15 ms Sortiert: true
Quick Sort random absteigend 1246 Zahlen Startzeit: 19.11 11:03:59,132|Endezeit: 19.11 11:03:59,148| Diff: 16 ms Sortiert: true
Quick Sort left Zufallszahlen Wechsel bei 75, 1246 Zahlen Startzeit: 19.11 11:03:59,117|Endezeit: 19.11 11:03:59,117| Diff: 0 ms Sortiert: true
Quick Sort left aufsteigend 1246 Zahlen Startzeit: 19.11 11:03:59,117|Endezeit: 19.11 11:03:59,148| Diff: 31 ms Sortiert: true
Quick Sort left absteigend 1246 Zahlen Startzeit: 19.11 11:03:59,148|Endezeit: 19.11 11:03:59,226| Diff: 78 ms Sortiert: true
Quick Sort right Zufallszahlen Wechsel bei 75, 1246 Zahlen Startzeit: 19.11 11:03:59,117|Endezeit: 19.11 11:03:59,117| Diff: 0 ms Sortiert: true
Quick Sort right aufsteigend 1246 Zahlen Startzeit: 19.11 11:03:59,117|Endezeit: 19.11 11:03:59,211| Diff: 94 ms Sortiert: true
Quick Sort right absteigend 1246 Zahlen Startzeit: 19.11 11:03:59,211|Endezeit: 19.11 11:03:59,257| Diff: 46 ms Sortiert: true
Insertion Sort Zufallszahlen 124 Zahlen Startzeit: 19.11 11:16:46,942|Endezeit: 19.11 11:16:46,942| Diff: 0 ms Sortiert: true
Insertion Sort aufsteigend 124 Zahlen Startzeit: 19.11 11:16:46,942|Endezeit: 19.11 11:16:46,958| Diff: 16 ms Sortiert: true
Insertion Sort absteigend 124 Zahlen Startzeit: 19.11 11:16:46,958|Endezeit: 19.11 11:16:46,958| Diff: 0 ms Sortiert: true
Quick Sort middle Zufallszahlen Wechsel bei 75, 1246 Zahlen Startzeit: 19.11 11:16:46,942|Endezeit: 19.11 11:16:46,942| Diff: 0 ms Sortiert: true
Quick Sort middle aufsteigend 1246 Zahlen Startzeit: 19.11 11:16:46,942|Endezeit: 19.11 11:16:46,958| Diff: 16 ms Sortiert: true
Quick Sort middle absteigend 1246 Zahlen Startzeit: 19.11 11:16:46,958|Endezeit: 19.11 11:16:46,958| Diff: 0 ms Sortiert: true
Quick Sort median Zufallszahlen Wechsel bei 75, 1246 Zahlen Startzeit: 19.11 11:16:46,942|Endezeit: 19.11 11:16:46,942| Diff: 0 ms Sortiert: true
Quick Sort median aufsteigend 1246 Zahlen Startzeit: 19.11 11:16:46,942|Endezeit: 19.11 11:16:46,958| Diff: 16 ms Sortiert: true
Quick Sort median absteigend 1246 Zahlen Startzeit: 19.11 11:16:46,958|Endezeit: 19.11 11:16:46,958| Diff: 0 ms Sortiert: true
Heap Sort Zufallszahlen 1246 Zahlen Startzeit: 19.11 11:16:46,942|Endezeit: 19.11 11:16:46,958| Diff: 16 ms Sortiert: false
Heap Sort aufsteigend 1246 Zahlen Startzeit: 19.11 11:16:46,958|Endezeit: 19.11 11:16:46,958| Diff: 0 ms Sortiert: false
Heap Sort absteigend 1246 Zahlen Startzeit: 19.11 11:16:46,958|Endezeit: 19.11 11:16:46,958| Diff: 0 ms Sortiert: true
Quick Sort random Zufallszahlen Wechsel bei 75, 1246 Zahlen Startzeit: 19.11 11:16:46,942|Endezeit: 19.11 11:16:46,958| Diff: 16 ms Sortiert: true
Quick Sort random aufsteigend 1246 Zahlen Startzeit: 19.11 11:16:46,958|Endezeit: 19.11 11:16:46,958| Diff: 0 ms Sortiert: true
Quick Sort random absteigend 1246 Zahlen Startzeit: 19.11 11:16:46,958|Endezeit: 19.11 11:16:46,973| Diff: 15 ms Sortiert: true
Quick Sort left Zufallszahlen Wechsel bei 75, 1246 Zahlen Startzeit: 19.11 11:16:46,942|Endezeit: 19.11 11:16:46,942| Diff: 0 ms Sortiert: true
Quick Sort left aufsteigend 1246 Zahlen Startzeit: 19.11 11:16:46,942|Endezeit: 19.11 11:16:46,973| Diff: 31 ms Sortiert: true
Quick Sort left absteigend 1246 Zahlen Startzeit: 19.11 11:16:46,973|Endezeit: 19.11 11:16:47,051| Diff: 78 ms Sortiert: true
Quick Sort right Zufallszahlen Wechsel bei 75, 1246 Zahlen Startzeit: 19.11 11:16:46,942|Endezeit: 19.11 11:16:46,942| Diff: 0 ms Sortiert: true
Quick Sort right aufsteigend 1246 Zahlen Startzeit: 19.11 11:16:46,942|Endezeit: 19.11 11:16:47,036| Diff: 94 ms Sortiert: true
Quick Sort right absteigend 1246 Zahlen Startzeit: 19.11 11:16:47,036|Endezeit: 19.11 11:16:47,083| Diff: 47 ms Sortiert: true
Insertion Sort Zufallszahlen 124 Zahlen Startzeit: 19.11 11:17:59,551|Endezeit: 19.11 11:17:59,551| Diff: 0 ms Sortiert: true
Insertion Sort aufsteigend 124 Zahlen Startzeit: 19.11 11:17:59,551|Endezeit: 19.11 11:17:59,551| Diff: 0 ms Sortiert: true
Insertion Sort absteigend 124 Zahlen Startzeit: 19.11 11:17:59,551|Endezeit: 19.11 11:17:59,551| Diff: 0 ms Sortiert: true
Quick Sort median Zufallszahlen Wechsel bei 75, 1246 Zahlen Startzeit: 19.11 11:17:59,551|Endezeit: 19.11 11:17:59,551| Diff: 0 ms Sortiert: true
Quick Sort median aufsteigend 1246 Zahlen Startzeit: 19.11 11:17:59,551|Endezeit: 19.11 11:17:59,567| Diff: 16 ms Sortiert: true
Quick Sort median absteigend 1246 Zahlen Startzeit: 19.11 11:17:59,567|Endezeit: 19.11 11:17:59,567| Diff: 0 ms Sortiert: true
Quick Sort middle Zufallszahlen Wechsel bei 75, 1246 Zahlen Startzeit: 19.11 11:17:59,551|Endezeit: 19.11 11:17:59,551| Diff: 0 ms Sortiert: true
Quick Sort middle aufsteigend 1246 Zahlen Startzeit: 19.11 11:17:59,551|Endezeit: 19.11 11:17:59,567| Diff: 16 ms Sortiert: true
Quick Sort middle absteigend 1246 Zahlen Startzeit: 19.11 11:17:59,567|Endezeit: 19.11 11:17:59,567| Diff: 0 ms Sortiert: true
Heap Sort Zufallszahlen 1246 Zahlen Startzeit: 19.11 11:17:59,551|Endezeit: 19.11 11:17:59,567| Diff: 16 ms Sortiert: false
Heap Sort aufsteigend 1246 Zahlen Startzeit: 19.11 11:17:59,567|Endezeit: 19.11 11:17:59,567| Diff: 0 ms Sortiert: false
Heap Sort absteigend 1246 Zahlen Startzeit: 19.11 11:17:59,567|Endezeit: 19.11 11:17:59,567| Diff: 0 ms Sortiert: true
Quick Sort random Zufallszahlen Wechsel bei 75, 1246 Zahlen Startzeit: 19.11 11:17:59,551|Endezeit: 19.11 11:17:59,567| Diff: 16 ms Sortiert: true
Quick Sort random aufsteigend 1246 Zahlen Startzeit: 19.11 11:17:59,567|Endezeit: 19.11 11:17:59,567| Diff: 0 ms Sortiert: true
Quick Sort random absteigend 1246 Zahlen Startzeit: 19.11 11:17:59,567|Endezeit: 19.11 11:17:59,583| Diff: 16 ms Sortiert: true
Quick Sort left Zufallszahlen Wechsel bei 75, 1246 Zahlen Startzeit: 19.11 11:17:59,551|Endezeit: 19.11 11:17:59,551| Diff: 0 ms Sortiert: true
Quick Sort left aufsteigend 1246 Zahlen Startzeit: 19.11 11:17:59,551|Endezeit: 19.11 11:17:59,598| Diff: 47 ms Sortiert: true
Quick Sort left absteigend 1246 Zahlen Startzeit: 19.11 11:17:59,598|Endezeit: 19.11 11:17:59,676| Diff: 78 ms Sortiert: true
Quick Sort right Zufallszahlen Wechsel bei 75, 1246 Zahlen Startzeit: 19.11 11:17:59,551|Endezeit: 19.11 11:17:59,551| Diff: 0 ms Sortiert: true
Quick Sort right aufsteigend 1246 Zahlen Startzeit: 19.11 11:17:59,551|Endezeit: 19.11 11:17:59,645| Diff: 94 ms Sortiert: true
Quick Sort right absteigend 1246 Zahlen Startzeit: 19.11 11:17:59,645|Endezeit: 19.11 11:17:59,692| Diff: 47 ms Sortiert: true
Insertion Sort Zufallszahlen 124 Zahlen Startzeit: 19.11 11:21:05,613|Endezeit: 19.11 11:21:05,613| Diff: 0 ms Sortiert: true
Insertion Sort aufsteigend 124 Zahlen Startzeit: 19.11 11:21:05,613|Endezeit: 19.11 11:21:05,628| Diff: 15 ms Sortiert: true
Insertion Sort absteigend 124 Zahlen Startzeit: 19.11 11:21:05,628|Endezeit: 19.11 11:21:05,628| Diff: 0 ms Sortiert: true
Quick Sort median Zufallszahlen Wechsel bei 75, 1246 Zahlen Startzeit: 19.11 11:21:05,613|Endezeit: 19.11 11:21:05,613| Diff: 0 ms Sortiert: true
Quick Sort median aufsteigend 1246 Zahlen Startzeit: 19.11 11:21:05,613|Endezeit: 19.11 11:21:05,628| Diff: 15 ms Sortiert: true
Quick Sort median absteigend 1246 Zahlen Startzeit: 19.11 11:21:05,628|Endezeit: 19.11 11:21:05,628| Diff: 0 ms Sortiert: true
Quick Sort middle Zufallszahlen Wechsel bei 75, 1246 Zahlen Startzeit: 19.11 11:21:05,613|Endezeit: 19.11 11:21:05,628| Diff: 15 ms Sortiert: true
Quick Sort middle aufsteigend 1246 Zahlen Startzeit: 19.11 11:21:05,628|Endezeit: 19.11 11:21:05,628| Diff: 0 ms Sortiert: true
Quick Sort middle absteigend 1246 Zahlen Startzeit: 19.11 11:21:05,628|Endezeit: 19.11 11:21:05,628| Diff: 0 ms Sortiert: true
Heap Sort Zufallszahlen 1246 Zahlen Startzeit: 19.11 11:21:05,613|Endezeit: 19.11 11:21:05,628| Diff: 15 ms Sortiert: false
Heap Sort aufsteigend 1246 Zahlen Startzeit: 19.11 11:21:05,628|Endezeit: 19.11 11:21:05,628| Diff: 0 ms Sortiert: false
Heap Sort absteigend 1246 Zahlen Startzeit: 19.11 11:21:05,628|Endezeit: 19.11 11:21:05,628| Diff: 0 ms Sortiert: true
Quick Sort random Zufallszahlen Wechsel bei 75, 1246 Zahlen Startzeit: 19.11 11:21:05,613|Endezeit: 19.11 11:21:05,628| Diff: 15 ms Sortiert: true
Quick Sort random aufsteigend 1246 Zahlen Startzeit: 19.11 11:21:05,628|Endezeit: 19.11 11:21:05,644| Diff: 16 ms Sortiert: true
Quick Sort random absteigend 1246 Zahlen Startzeit: 19.11 11:21:05,644|Endezeit: 19.11 11:21:05,644| Diff: 0 ms Sortiert: true
Quick Sort left Zufallszahlen Wechsel bei 75, 1246 Zahlen Startzeit: 19.11 11:21:05,613|Endezeit: 19.11 11:21:05,613| Diff: 0 ms Sortiert: true
Quick Sort left aufsteigend 1246 Zahlen Startzeit: 19.11 11:21:05,613|Endezeit: 19.11 11:21:05,660| Diff: 47 ms Sortiert: true
Quick Sort left absteigend 1246 Zahlen Startzeit: 19.11 11:21:05,660|Endezeit: 19.11 11:21:05,722| Diff: 62 ms Sortiert: true
Quick Sort right Zufallszahlen Wechsel bei 75, 1246 Zahlen Startzeit: 19.11 11:21:05,613|Endezeit: 19.11 11:21:05,613| Diff: 0 ms Sortiert: true
Quick Sort right aufsteigend 1246 Zahlen Startzeit: 19.11 11:21:05,613|Endezeit: 19.11 11:21:05,707| Diff: 94 ms Sortiert: true
Quick Sort right absteigend 1246 Zahlen Startzeit: 19.11 11:21:05,707|Endezeit: 19.11 11:21:05,753| Diff: 46 ms Sortiert: true
Insertion Sort Zufallszahlen 124 Zahlen Startzeit: 19.11 11:22:06,800|Endezeit: 19.11 11:22:06,800| Diff: 0 ms Sortiert: true
Insertion Sort aufsteigend 124 Zahlen Startzeit: 19.11 11:22:06,800|Endezeit: 19.11 11:22:06,816| Diff: 16 ms Sortiert: true
Insertion Sort absteigend 124 Zahlen Startzeit: 19.11 11:22:06,816|Endezeit: 19.11 11:22:06,816| Diff: 0 ms Sortiert: true
Quick Sort median Zufallszahlen Wechsel bei 75, 1246 Zahlen Startzeit: 19.11 11:22:06,800|Endezeit: 19.11 11:22:06,816| Diff: 16 ms Sortiert: true
Quick Sort median aufsteigend 1246 Zahlen Startzeit: 19.11 11:22:06,816|Endezeit: 19.11 11:22:06,816| Diff: 0 ms Sortiert: true
Quick Sort median absteigend 1246 Zahlen Startzeit: 19.11 11:22:06,816|Endezeit: 19.11 11:22:06,816| Diff: 0 ms Sortiert: true
Quick Sort middle Zufallszahlen Wechsel bei 75, 1246 Zahlen Startzeit: 19.11 11:22:06,800|Endezeit: 19.11 11:22:06,816| Diff: 16 ms Sortiert: true
Quick Sort middle aufsteigend 1246 Zahlen Startzeit: 19.11 11:22:06,816|Endezeit: 19.11 11:22:06,816| Diff: 0 ms Sortiert: true
Quick Sort middle absteigend 1246 Zahlen Startzeit: 19.11 11:22:06,816|Endezeit: 19.11 11:22:06,816| Diff: 0 ms Sortiert: true
Quick Sort random Zufallszahlen Wechsel bei 75, 1246 Zahlen Startzeit: 19.11 11:22:06,800|Endezeit: 19.11 11:22:06,816| Diff: 16 ms Sortiert: true
Quick Sort random aufsteigend 1246 Zahlen Startzeit: 19.11 11:22:06,816|Endezeit: 19.11 11:22:06,832| Diff: 16 ms Sortiert: true
Quick Sort random absteigend 1246 Zahlen Startzeit: 19.11 11:22:06,832|Endezeit: 19.11 11:22:06,832| Diff: 0 ms Sortiert: true
Quick Sort left Zufallszahlen Wechsel bei 75, 1246 Zahlen Startzeit: 19.11 11:22:06,800|Endezeit: 19.11 11:22:06,816| Diff: 16 ms Sortiert: true
Quick Sort left aufsteigend 1246 Zahlen Startzeit: 19.11 11:22:06,816|Endezeit: 19.11 11:22:06,847| Diff: 31 ms Sortiert: true
Quick Sort left absteigend 1246 Zahlen Startzeit: 19.11 11:22:06,847|Endezeit: 19.11 11:22:06,925| Diff: 78 ms Sortiert: true
Quick Sort right Zufallszahlen Wechsel bei 75, 1246 Zahlen Startzeit: 19.11 11:22:06,800|Endezeit: 19.11 11:22:06,816| Diff: 16 ms Sortiert: true
Quick Sort right aufsteigend 1246 Zahlen Startzeit: 19.11 11:22:06,816|Endezeit: 19.11 11:22:06,894| Diff: 78 ms Sortiert: true
Quick Sort right absteigend 1246 Zahlen Startzeit: 19.11 11:22:06,894|Endezeit: 19.11 11:22:06,941| Diff: 47 ms Sortiert: true
Insertion Sort Zufallszahlen 124 Zahlen Startzeit: 19.11 11:22:46,925|Endezeit: 19.11 11:22:46,925| Diff: 0 ms Sortiert: true
Insertion Sort aufsteigend 124 Zahlen Startzeit: 19.11 11:22:46,925|Endezeit: 19.11 11:22:46,941| Diff: 16 ms Sortiert: true
Insertion Sort absteigend 124 Zahlen Startzeit: 19.11 11:22:46,941|Endezeit: 19.11 11:22:46,941| Diff: 0 ms Sortiert: true
Quick Sort middle Zufallszahlen Wechsel bei 75, 1246 Zahlen Startzeit: 19.11 11:22:46,925|Endezeit: 19.11 11:22:46,925| Diff: 0 ms Sortiert: true
Quick Sort middle aufsteigend 1246 Zahlen Startzeit: 19.11 11:22:46,925|Endezeit: 19.11 11:22:46,941| Diff: 16 ms Sortiert: true
Quick Sort middle absteigend 1246 Zahlen Startzeit: 19.11 11:22:46,941|Endezeit: 19.11 11:22:46,941| Diff: 0 ms Sortiert: true
Quick Sort median Zufallszahlen Wechsel bei 75, 1246 Zahlen Startzeit: 19.11 11:22:46,925|Endezeit: 19.11 11:22:46,925| Diff: 0 ms Sortiert: true
Quick Sort median aufsteigend 1246 Zahlen Startzeit: 19.11 11:22:46,925|Endezeit: 19.11 11:22:46,941| Diff: 16 ms Sortiert: true
Quick Sort median absteigend 1246 Zahlen Startzeit: 19.11 11:22:46,941|Endezeit: 19.11 11:22:46,941| Diff: 0 ms Sortiert: true
Heap Sort Zufallszahlen 1246 Zahlen Startzeit: 19.11 11:22:46,925|Endezeit: 19.11 11:22:46,941| Diff: 16 ms Sortiert: false
Heap Sort aufsteigend 1246 Zahlen Startzeit: 19.11 11:22:46,941|Endezeit: 19.11 11:22:46,941| Diff: 0 ms Sortiert: false
Heap Sort absteigend 1246 Zahlen Startzeit: 19.11 11:22:46,941|Endezeit: 19.11 11:22:46,941| Diff: 0 ms Sortiert: true
Quick Sort random Zufallszahlen Wechsel bei 75, 1246 Zahlen Startzeit: 19.11 11:22:46,925|Endezeit: 19.11 11:22:46,941| Diff: 16 ms Sortiert: true
Quick Sort random aufsteigend 1246 Zahlen Startzeit: 19.11 11:22:46,941|Endezeit: 19.11 11:22:46,941| Diff: 0 ms Sortiert: true
Quick Sort random absteigend 1246 Zahlen Startzeit: 19.11 11:22:46,941|Endezeit: 19.11 11:22:46,957| Diff: 16 ms Sortiert: true
Quick Sort left Zufallszahlen Wechsel bei 75, 1246 Zahlen Startzeit: 19.11 11:22:46,925|Endezeit: 19.11 11:22:46,925| Diff: 0 ms Sortiert: true
Quick Sort left aufsteigend 1246 Zahlen Startzeit: 19.11 11:22:46,925|Endezeit: 19.11 11:22:46,957| Diff: 32 ms Sortiert: true
Quick Sort left absteigend 1246 Zahlen Startzeit: 19.11 11:22:46,957|Endezeit: 19.11 11:22:47,050| Diff: 93 ms Sortiert: true
Quick Sort right Zufallszahlen Wechsel bei 75, 1246 Zahlen Startzeit: 19.11 11:22:46,925|Endezeit: 19.11 11:22:46,925| Diff: 0 ms Sortiert: true
Quick Sort right aufsteigend 1246 Zahlen Startzeit: 19.11 11:22:46,925|Endezeit: 19.11 11:22:47,035| Diff: 110 ms Sortiert: true
Quick Sort right absteigend 1246 Zahlen Startzeit: 19.11 11:22:47,035|Endezeit: 19.11 11:22:47,066| Diff: 31 ms Sortiert: true
Quick Sort median Zufallszahlen Wechsel bei 75, 1246 Zahlen Startzeit: 19.11 11:26:10,065|Endezeit: 19.11 11:26:10,065| Diff: 0 ms Sortiert: true
Quick Sort median aufsteigend 1246 Zahlen Startzeit: 19.11 11:26:10,065|Endezeit: 19.11 11:26:10,081| Diff: 16 ms Sortiert: true
Quick Sort median absteigend 1246 Zahlen Startzeit: 19.11 11:26:10,081|Endezeit: 19.11 11:26:10,081| Diff: 0 ms Sortiert: true
Quick Sort middle Zufallszahlen Wechsel bei 75, 1246 Zahlen Startzeit: 19.11 11:26:10,065|Endezeit: 19.11 11:26:10,065| Diff: 0 ms Sortiert: true
Quick Sort middle aufsteigend 1246 Zahlen Startzeit: 19.11 11:26:10,065|Endezeit: 19.11 11:26:10,081| Diff: 16 ms Sortiert: true
Quick Sort middle absteigend 1246 Zahlen Startzeit: 19.11 11:26:10,081|Endezeit: 19.11 11:26:10,081| Diff: 0 ms Sortiert: true
Insertion Sort Zufallszahlen 124 Zahlen Startzeit: 19.11 11:26:10,065|Endezeit: 19.11 11:26:10,081| Diff: 16 ms Sortiert: true
Insertion Sort aufsteigend 124 Zahlen Startzeit: 19.11 11:26:10,081|Endezeit: 19.11 11:26:10,081| Diff: 0 ms Sortiert: true
Insertion Sort absteigend 124 Zahlen Startzeit: 19.11 11:26:10,081|Endezeit: 19.11 11:26:10,081| Diff: 0 ms Sortiert: true
Heap Sort Zufallszahlen 1246 Zahlen Startzeit: 19.11 11:26:10,065|Endezeit: 19.11 11:26:10,081| Diff: 16 ms Sortiert: true
Heap Sort aufsteigend 1246 Zahlen Startzeit: 19.11 11:26:10,081|Endezeit: 19.11 11:26:10,081| Diff: 0 ms Sortiert: true
Heap Sort absteigend 1246 Zahlen Startzeit: 19.11 11:26:10,081|Endezeit: 19.11 11:26:10,081| Diff: 0 ms Sortiert: true
Quick Sort random Zufallszahlen Wechsel bei 75, 1246 Zahlen Startzeit: 19.11 11:26:10,065|Endezeit: 19.11 11:26:10,081| Diff: 16 ms Sortiert: true
Quick Sort random aufsteigend 1246 Zahlen Startzeit: 19.11 11:26:10,081|Endezeit: 19.11 11:26:10,081| Diff: 0 ms Sortiert: true
Quick Sort random absteigend 1246 Zahlen Startzeit: 19.11 11:26:10,081|Endezeit: 19.11 11:26:10,096| Diff: 15 ms Sortiert: true
Quick Sort left Zufallszahlen Wechsel bei 75, 1246 Zahlen Startzeit: 19.11 11:26:10,065|Endezeit: 19.11 11:26:10,081| Diff: 16 ms Sortiert: true
Quick Sort left aufsteigend 1246 Zahlen Startzeit: 19.11 11:26:10,081|Endezeit: 19.11 11:26:10,112| Diff: 31 ms Sortiert: true
Quick Sort left absteigend 1246 Zahlen Startzeit: 19.11 11:26:10,112|Endezeit: 19.11 11:26:10,190| Diff: 78 ms Sortiert: true
Quick Sort right Zufallszahlen Wechsel bei 75, 1246 Zahlen Startzeit: 19.11 11:26:10,065|Endezeit: 19.11 11:26:10,081| Diff: 16 ms Sortiert: true
Quick Sort right aufsteigend 1246 Zahlen Startzeit: 19.11 11:26:10,081|Endezeit: 19.11 11:26:10,159| Diff: 78 ms Sortiert: true
Quick Sort right absteigend 1246 Zahlen Startzeit: 19.11 11:26:10,159|Endezeit: 19.11 11:26:10,206| Diff: 47 ms Sortiert: true
Insertion Sort Zufallszahlen 124 Zahlen Startzeit: 19.11 11:27:45,987|Endezeit: 19.11 11:27:45,987| Diff: 0 ms Sortiert: true
Insertion Sort aufsteigend 124 Zahlen Startzeit: 19.11 11:27:45,987|Endezeit: 19.11 11:27:45,002| Diff: 15 ms Sortiert: true
Insertion Sort absteigend 124 Zahlen Startzeit: 19.11 11:27:45,002|Endezeit: 19.11 11:27:45,002| Diff: 0 ms Sortiert: true
Quick Sort median Zufallszahlen Wechsel bei 75, 1246 Zahlen Startzeit: 19.11 11:27:45,987|Endezeit: 19.11 11:27:45,987| Diff: 0 ms Sortiert: true
Quick Sort median aufsteigend 1246 Zahlen Startzeit: 19.11 11:27:45,987|Endezeit: 19.11 11:27:45,002| Diff: 15 ms Sortiert: true
Quick Sort median absteigend 1246 Zahlen Startzeit: 19.11 11:27:45,002|Endezeit: 19.11 11:27:45,002| Diff: 0 ms Sortiert: true
Quick Sort middle Zufallszahlen Wechsel bei 75, 1246 Zahlen Startzeit: 19.11 11:27:45,987|Endezeit: 19.11 11:27:45,002| Diff: 15 ms Sortiert: true
Quick Sort middle aufsteigend 1246 Zahlen Startzeit: 19.11 11:27:45,002|Endezeit: 19.11 11:27:45,002| Diff: 0 ms Sortiert: true
Quick Sort middle absteigend 1246 Zahlen Startzeit: 19.11 11:27:45,002|Endezeit: 19.11 11:27:45,002| Diff: 0 ms Sortiert: true
Heap Sort Zufallszahlen 1246 Zahlen Startzeit: 19.11 11:27:45,987|Endezeit: 19.11 11:27:45,002| Diff: 15 ms Sortiert: false
Heap Sort aufsteigend 1246 Zahlen Startzeit: 19.11 11:27:45,002|Endezeit: 19.11 11:27:45,002| Diff: 0 ms Sortiert: false
Heap Sort absteigend 1246 Zahlen Startzeit: 19.11 11:27:45,002|Endezeit: 19.11 11:27:45,002| Diff: 0 ms Sortiert: true
Quick Sort random Zufallszahlen Wechsel bei 75, 1246 Zahlen Startzeit: 19.11 11:27:45,987|Endezeit: 19.11 11:27:45,002| Diff: 15 ms Sortiert: true
Quick Sort random aufsteigend 1246 Zahlen Startzeit: 19.11 11:27:45,002|Endezeit: 19.11 11:27:45,002| Diff: 0 ms Sortiert: true
Quick Sort random absteigend 1246 Zahlen Startzeit: 19.11 11:27:45,002|Endezeit: 19.11 11:27:45,018| Diff: 16 ms Sortiert: true
Quick Sort left Zufallszahlen Wechsel bei 75, 1246 Zahlen Startzeit: 19.11 11:27:45,987|Endezeit: 19.11 11:27:45,987| Diff: 0 ms Sortiert: true
Quick Sort left aufsteigend 1246 Zahlen Startzeit: 19.11 11:27:45,987|Endezeit: 19.11 11:27:45,018| Diff: 31 ms Sortiert: true
Quick Sort left absteigend 1246 Zahlen Startzeit: 19.11 11:27:45,018|Endezeit: 19.11 11:27:45,112| Diff: 94 ms Sortiert: true
Quick Sort right Zufallszahlen Wechsel bei 75, 1246 Zahlen Startzeit: 19.11 11:27:45,987|Endezeit: 19.11 11:27:45,987| Diff: 0 ms Sortiert: true
Quick Sort right aufsteigend 1246 Zahlen Startzeit: 19.11 11:27:45,987|Endezeit: 19.11 11:27:45,081| Diff: 94 ms Sortiert: true
Quick Sort right absteigend 1246 Zahlen Startzeit: 19.11 11:27:45,081|Endezeit: 19.11 11:27:45,127| Diff: 46 ms Sortiert: true
Insertion Sort Zufallszahlen 124 Zahlen Startzeit: 19.11 11:28:31,173|Endezeit: 19.11 11:28:31,173| Diff: 0 ms Sortiert: true
Insertion Sort aufsteigend 124 Zahlen Startzeit: 19.11 11:28:31,173|Endezeit: 19.11 11:28:31,173| Diff: 0 ms Sortiert: true
Insertion Sort absteigend 124 Zahlen Startzeit: 19.11 11:28:31,173|Endezeit: 19.11 11:28:31,173| Diff: 0 ms Sortiert: true
Quick Sort median Zufallszahlen Wechsel bei 75, 1246 Zahlen Startzeit: 19.11 11:28:31,173|Endezeit: 19.11 11:28:31,173| Diff: 0 ms Sortiert: true
Quick Sort median aufsteigend 1246 Zahlen Startzeit: 19.11 11:28:31,173|Endezeit: 19.11 11:28:31,173| Diff: 0 ms Sortiert: true
Quick Sort median absteigend 1246 Zahlen Startzeit: 19.11 11:28:31,173|Endezeit: 19.11 11:28:31,173| Diff: 0 ms Sortiert: true
Heap Sort Zufallszahlen 1246 Zahlen Startzeit: 19.11 11:28:31,173|Endezeit: 19.11 11:28:31,173| Diff: 0 ms Sortiert: false
Heap Sort aufsteigend 1246 Zahlen Startzeit: 19.11 11:28:31,173|Endezeit: 19.11 11:28:31,173| Diff: 0 ms Sortiert: false
Heap Sort absteigend 1246 Zahlen Startzeit: 19.11 11:28:31,173|Endezeit: 19.11 11:28:31,173| Diff: 0 ms Sortiert: true
Quick Sort middle Zufallszahlen Wechsel bei 75, 1246 Zahlen Startzeit: 19.11 11:28:31,173|Endezeit: 19.11 11:28:31,173| Diff: 0 ms Sortiert: true
Quick Sort middle aufsteigend 1246 Zahlen Startzeit: 19.11 11:28:31,173|Endezeit: 19.11 11:28:31,173| Diff: 0 ms Sortiert: true
Quick Sort middle absteigend 1246 Zahlen Startzeit: 19.11 11:28:31,173|Endezeit: 19.11 11:28:31,173| Diff: 0 ms Sortiert: true
Quick Sort random Zufallszahlen Wechsel bei 75, 1246 Zahlen Startzeit: 19.11 11:28:31,173|Endezeit: 19.11 11:28:31,189| Diff: 16 ms Sortiert: true
Quick Sort random aufsteigend 1246 Zahlen Startzeit: 19.11 11:28:31,189|Endezeit: 19.11 11:28:31,189| Diff: 0 ms Sortiert: true
Quick Sort random absteigend 1246 Zahlen Startzeit: 19.11 11:28:31,189|Endezeit: 19.11 11:28:31,205| Diff: 16 ms Sortiert: true
Quick Sort left Zufallszahlen Wechsel bei 75, 1246 Zahlen Startzeit: 19.11 11:28:31,173|Endezeit: 19.11 11:28:31,173| Diff: 0 ms Sortiert: true
Quick Sort left aufsteigend 1246 Zahlen Startzeit: 19.11 11:28:31,173|Endezeit: 19.11 11:28:31,205| Diff: 32 ms Sortiert: true
Quick Sort left absteigend 1246 Zahlen Startzeit: 19.11 11:28:31,205|Endezeit: 19.11 11:28:31,283| Diff: 78 ms Sortiert: true
Quick Sort right Zufallszahlen Wechsel bei 75, 1246 Zahlen Startzeit: 19.11 11:28:31,173|Endezeit: 19.11 11:28:31,173| Diff: 0 ms Sortiert: true
Quick Sort right aufsteigend 1246 Zahlen Startzeit: 19.11 11:28:31,173|Endezeit: 19.11 11:28:31,267| Diff: 94 ms Sortiert: true
Quick Sort right absteigend 1246 Zahlen Startzeit: 19.11 11:28:31,267|Endezeit: 19.11 11:28:31,314| Diff: 47 ms Sortiert: true
Insertion Sort Zufallszahlen 124 Zahlen Startzeit: 19.11 11:30:35,705|Endezeit: 19.11 11:30:35,705| Diff: 0 ms Sortiert: true
Insertion Sort aufsteigend 124 Zahlen Startzeit: 19.11 11:30:35,705|Endezeit: 19.11 11:30:35,705| Diff: 0 ms Sortiert: true
Insertion Sort absteigend 124 Zahlen Startzeit: 19.11 11:30:35,705|Endezeit: 19.11 11:30:35,705| Diff: 0 ms Sortiert: true
Quick Sort median Zufallszahlen Wechsel bei 75, 1246 Zahlen Startzeit: 19.11 11:30:35,705|Endezeit: 19.11 11:30:35,705| Diff: 0 ms Sortiert: true
Quick Sort median aufsteigend 1246 Zahlen Startzeit: 19.11 11:30:35,705|Endezeit: 19.11 11:30:35,705| Diff: 0 ms Sortiert: true
Quick Sort median absteigend 1246 Zahlen Startzeit: 19.11 11:30:35,705|Endezeit: 19.11 11:30:35,705| Diff: 0 ms Sortiert: true
Quick Sort middle Zufallszahlen Wechsel bei 75, 1246 Zahlen Startzeit: 19.11 11:30:35,705|Endezeit: 19.11 11:30:35,705| Diff: 0 ms Sortiert: true
Quick Sort middle aufsteigend 1246 Zahlen Startzeit: 19.11 11:30:35,705|Endezeit: 19.11 11:30:35,705| Diff: 0 ms Sortiert: true
Quick Sort middle absteigend 1246 Zahlen Startzeit: 19.11 11:30:35,705|Endezeit: 19.11 11:30:35,705| Diff: 0 ms Sortiert: true
Heap Sort Zufallszahlen 1246 Zahlen Startzeit: 19.11 11:30:35,705|Endezeit: 19.11 11:30:35,705| Diff: 0 ms Sortiert: true
Heap Sort aufsteigend 1246 Zahlen Startzeit: 19.11 11:30:35,705|Endezeit: 19.11 11:30:35,720| Diff: 15 ms Sortiert: true
Heap Sort absteigend 1246 Zahlen Startzeit: 19.11 11:30:35,720|Endezeit: 19.11 11:30:35,720| Diff: 0 ms Sortiert: true
Quick Sort random Zufallszahlen Wechsel bei 75, 1246 Zahlen Startzeit: 19.11 11:30:35,705|Endezeit: 19.11 11:30:35,705| Diff: 0 ms Sortiert: true
Quick Sort random aufsteigend 1246 Zahlen Startzeit: 19.11 11:30:35,705|Endezeit: 19.11 11:30:35,720| Diff: 15 ms Sortiert: true
Quick Sort random absteigend 1246 Zahlen Startzeit: 19.11 11:30:35,720|Endezeit: 19.11 11:30:35,720| Diff: 0 ms Sortiert: true
Quick Sort left Zufallszahlen Wechsel bei 75, 1246 Zahlen Startzeit: 19.11 11:30:35,705|Endezeit: 19.11 11:30:35,705| Diff: 0 ms Sortiert: true
Quick Sort left aufsteigend 1246 Zahlen Startzeit: 19.11 11:30:35,705|Endezeit: 19.11 11:30:35,736| Diff: 31 ms Sortiert: true
Quick Sort left absteigend 1246 Zahlen Startzeit: 19.11 11:30:35,736|Endezeit: 19.11 11:30:35,814| Diff: 78 ms Sortiert: true
Quick Sort right Zufallszahlen Wechsel bei 75, 1246 Zahlen Startzeit: 19.11 11:30:35,705|Endezeit: 19.11 11:30:35,705| Diff: 0 ms Sortiert: true
Quick Sort right aufsteigend 1246 Zahlen Startzeit: 19.11 11:30:35,705|Endezeit: 19.11 11:30:35,798| Diff: 93 ms Sortiert: true
Quick Sort right absteigend 1246 Zahlen Startzeit: 19.11 11:30:35,798|Endezeit: 19.11 11:30:35,845| Diff: 47 ms Sortiert: true
Insertion Sort Zufallszahlen 124 Zahlen Startzeit: 19.11 11:30:55,158|Endezeit: 19.11 11:30:55,158| Diff: 0 ms Sortiert: true
Insertion Sort aufsteigend 124 Zahlen Startzeit: 19.11 11:30:55,158|Endezeit: 19.11 11:30:55,158| Diff: 0 ms Sortiert: true
Insertion Sort absteigend 124 Zahlen Startzeit: 19.11 11:30:55,158|Endezeit: 19.11 11:30:55,158| Diff: 0 ms Sortiert: true
Quick Sort median Zufallszahlen Wechsel bei 75, 1246 Zahlen Startzeit: 19.11 11:30:55,158|Endezeit: 19.11 11:30:55,158| Diff: 0 ms Sortiert: true
Quick Sort median aufsteigend 1246 Zahlen Startzeit: 19.11 11:30:55,158|Endezeit: 19.11 11:30:55,173| Diff: 15 ms Sortiert: true
Quick Sort median absteigend 1246 Zahlen Startzeit: 19.11 11:30:55,173|Endezeit: 19.11 11:30:55,173| Diff: 0 ms Sortiert: true
Quick Sort middle Zufallszahlen Wechsel bei 75, 1246 Zahlen Startzeit: 19.11 11:30:55,158|Endezeit: 19.11 11:30:55,158| Diff: 0 ms Sortiert: true
Quick Sort middle aufsteigend 1246 Zahlen Startzeit: 19.11 11:30:55,158|Endezeit: 19.11 11:30:55,173| Diff: 15 ms Sortiert: true
Quick Sort middle absteigend 1246 Zahlen Startzeit: 19.11 11:30:55,173|Endezeit: 19.11 11:30:55,173| Diff: 0 ms Sortiert: true
Heap Sort Zufallszahlen 1246 Zahlen Startzeit: 19.11 11:30:55,158|Endezeit: 19.11 11:30:55,173| Diff: 15 ms Sortiert: true
Heap Sort aufsteigend 1246 Zahlen Startzeit: 19.11 11:30:55,173|Endezeit: 19.11 11:30:55,173| Diff: 0 ms Sortiert: true
Heap Sort absteigend 1246 Zahlen Startzeit: 19.11 11:30:55,173|Endezeit: 19.11 11:30:55,173| Diff: 0 ms Sortiert: true
Quick Sort random Zufallszahlen Wechsel bei 75, 1246 Zahlen Startzeit: 19.11 11:30:55,158|Endezeit: 19.11 11:30:55,173| Diff: 15 ms Sortiert: true
Quick Sort random aufsteigend 1246 Zahlen Startzeit: 19.11 11:30:55,173|Endezeit: 19.11 11:30:55,173| Diff: 0 ms Sortiert: true
Quick Sort random absteigend 1246 Zahlen Startzeit: 19.11 11:30:55,173|Endezeit: 19.11 11:30:55,189| Diff: 16 ms Sortiert: true
Quick Sort left Zufallszahlen Wechsel bei 75, 1246 Zahlen Startzeit: 19.11 11:30:55,158|Endezeit: 19.11 11:30:55,158| Diff: 0 ms Sortiert: true
Quick Sort left aufsteigend 1246 Zahlen Startzeit: 19.11 11:30:55,158|Endezeit: 19.11 11:30:55,189| Diff: 31 ms Sortiert: true
Quick Sort left absteigend 1246 Zahlen Startzeit: 19.11 11:30:55,189|Endezeit: 19.11 11:30:55,283| Diff: 94 ms Sortiert: true
Quick Sort right Zufallszahlen Wechsel bei 75, 1246 Zahlen Startzeit: 19.11 11:30:55,158|Endezeit: 19.11 11:30:55,158| Diff: 0 ms Sortiert: true
Quick Sort right aufsteigend 1246 Zahlen Startzeit: 19.11 11:30:55,158|Endezeit: 19.11 11:30:55,251| Diff: 93 ms Sortiert: true
Quick Sort right absteigend 1246 Zahlen Startzeit: 19.11 11:30:55,251|Endezeit: 19.11 11:30:55,298| Diff: 47 ms Sortiert: true
Insertion Sort Zufallszahlen 124 Zahlen Startzeit: 19.11 11:31:14,080|Endezeit: 19.11 11:31:14,080| Diff: 0 ms Sortiert: true
Insertion Sort aufsteigend 124 Zahlen Startzeit: 19.11 11:31:14,080|Endezeit: 19.11 11:31:14,080| Diff: 0 ms Sortiert: true
Insertion Sort absteigend 124 Zahlen Startzeit: 19.11 11:31:14,080|Endezeit: 19.11 11:31:14,080| Diff: 0 ms Sortiert: true
Quick Sort median Zufallszahlen Wechsel bei 75, 1246 Zahlen Startzeit: 19.11 11:31:14,080|Endezeit: 19.11 11:31:14,080| Diff: 0 ms Sortiert: true
Quick Sort median aufsteigend 1246 Zahlen Startzeit: 19.11 11:31:14,080|Endezeit: 19.11 11:31:14,080| Diff: 0 ms Sortiert: true
Quick Sort median absteigend 1246 Zahlen Startzeit: 19.11 11:31:14,080|Endezeit: 19.11 11:31:14,095| Diff: 15 ms Sortiert: true
Quick Sort middle Zufallszahlen Wechsel bei 75, 1246 Zahlen Startzeit: 19.11 11:31:14,080|Endezeit: 19.11 11:31:14,080| Diff: 0 ms Sortiert: true
Quick Sort middle aufsteigend 1246 Zahlen Startzeit: 19.11 11:31:14,080|Endezeit: 19.11 11:31:14,095| Diff: 15 ms Sortiert: true
Quick Sort middle absteigend 1246 Zahlen Startzeit: 19.11 11:31:14,095|Endezeit: 19.11 11:31:14,095| Diff: 0 ms Sortiert: true
Heap Sort Zufallszahlen 1246 Zahlen Startzeit: 19.11 11:31:14,080|Endezeit: 19.11 11:31:14,080| Diff: 0 ms Sortiert: true
Heap Sort aufsteigend 1246 Zahlen Startzeit: 19.11 11:31:14,080|Endezeit: 19.11 11:31:14,095| Diff: 15 ms Sortiert: true
Heap Sort absteigend 1246 Zahlen Startzeit: 19.11 11:31:14,095|Endezeit: 19.11 11:31:14,095| Diff: 0 ms Sortiert: true
Quick Sort random Zufallszahlen Wechsel bei 75, 1246 Zahlen Startzeit: 19.11 11:31:14,080|Endezeit: 19.11 11:31:14,095| Diff: 15 ms Sortiert: true
Quick Sort random aufsteigend 1246 Zahlen Startzeit: 19.11 11:31:14,095|Endezeit: 19.11 11:31:14,095| Diff: 0 ms Sortiert: true
Quick Sort random absteigend 1246 Zahlen Startzeit: 19.11 11:31:14,095|Endezeit: 19.11 11:31:14,111| Diff: 16 ms Sortiert: true
Quick Sort left Zufallszahlen Wechsel bei 75, 1246 Zahlen Startzeit: 19.11 11:31:14,080|Endezeit: 19.11 11:31:14,080| Diff: 0 ms Sortiert: true
Quick Sort left aufsteigend 1246 Zahlen Startzeit: 19.11 11:31:14,080|Endezeit: 19.11 11:31:14,111| Diff: 31 ms Sortiert: true
Quick Sort left absteigend 1246 Zahlen Startzeit: 19.11 11:31:14,111|Endezeit: 19.11 11:31:14,189| Diff: 78 ms Sortiert: true
Quick Sort right Zufallszahlen Wechsel bei 75, 1246 Zahlen Startzeit: 19.11 11:31:14,080|Endezeit: 19.11 11:31:14,080| Diff: 0 ms Sortiert: true
Quick Sort right aufsteigend 1246 Zahlen Startzeit: 19.11 11:31:14,080|Endezeit: 19.11 11:31:14,173| Diff: 93 ms Sortiert: true
Quick Sort right absteigend 1246 Zahlen Startzeit: 19.11 11:31:14,173|Endezeit: 19.11 11:31:14,220| Diff: 47 ms Sortiert: true
Insertion Sort Zufallszahlen 124 Zahlen Startzeit: 19.11 11:32:07,908|Endezeit: 19.11 11:32:07,908| Diff: 0 ms Sortiert: true
Insertion Sort aufsteigend 124 Zahlen Startzeit: 19.11 11:32:07,908|Endezeit: 19.11 11:32:07,908| Diff: 0 ms Sortiert: true
Insertion Sort absteigend 124 Zahlen Startzeit: 19.11 11:32:07,908|Endezeit: 19.11 11:32:07,908| Diff: 0 ms Sortiert: true
Quick Sort median Zufallszahlen Wechsel bei 75, 1246 Zahlen Startzeit: 19.11 11:32:07,908|Endezeit: 19.11 11:32:07,908| Diff: 0 ms Sortiert: true
Quick Sort median aufsteigend 1246 Zahlen Startzeit: 19.11 11:32:07,908|Endezeit: 19.11 11:32:07,908| Diff: 0 ms Sortiert: true
Quick Sort median absteigend 1246 Zahlen Startzeit: 19.11 11:32:07,908|Endezeit: 19.11 11:32:07,908| Diff: 0 ms Sortiert: true
Quick Sort middle Zufallszahlen Wechsel bei 75, 1246 Zahlen Startzeit: 19.11 11:32:07,908|Endezeit: 19.11 11:32:07,908| Diff: 0 ms Sortiert: true
Quick Sort middle aufsteigend 1246 Zahlen Startzeit: 19.11 11:32:07,908|Endezeit: 19.11 11:32:07,908| Diff: 0 ms Sortiert: true
Quick Sort middle absteigend 1246 Zahlen Startzeit: 19.11 11:32:07,908|Endezeit: 19.11 11:32:07,908| Diff: 0 ms Sortiert: true
Heap Sort Zufallszahlen 1246 Zahlen Startzeit: 19.11 11:32:07,908|Endezeit: 19.11 11:32:07,908| Diff: 0 ms Sortiert: true
Heap Sort aufsteigend 1246 Zahlen Startzeit: 19.11 11:32:07,908|Endezeit: 19.11 11:32:07,908| Diff: 0 ms Sortiert: true
Heap Sort absteigend 1246 Zahlen Startzeit: 19.11 11:32:07,908|Endezeit: 19.11 11:32:07,908| Diff: 0 ms Sortiert: true
Quick Sort random Zufallszahlen Wechsel bei 75, 1246 Zahlen Startzeit: 19.11 11:32:07,908|Endezeit: 19.11 11:32:07,908| Diff: 0 ms Sortiert: true
Quick Sort random aufsteigend 1246 Zahlen Startzeit: 19.11 11:32:07,908|Endezeit: 19.11 11:32:07,923| Diff: 15 ms Sortiert: true
Quick Sort random absteigend 1246 Zahlen Startzeit: 19.11 11:32:07,923|Endezeit: 19.11 11:32:07,923| Diff: 0 ms Sortiert: true
Quick Sort left Zufallszahlen Wechsel bei 75, 1246 Zahlen Startzeit: 19.11 11:32:07,908|Endezeit: 19.11 11:32:07,908| Diff: 0 ms Sortiert: true
Quick Sort left aufsteigend 1246 Zahlen Startzeit: 19.11 11:32:07,908|Endezeit: 19.11 11:32:07,939| Diff: 31 ms Sortiert: true
Quick Sort left absteigend 1246 Zahlen Startzeit: 19.11 11:32:07,939|Endezeit: 19.11 11:32:08,017| Diff: 78 ms Sortiert: true
Quick Sort right Zufallszahlen Wechsel bei 75, 1246 Zahlen Startzeit: 19.11 11:32:07,908|Endezeit: 19.11 11:32:07,908| Diff: 0 ms Sortiert: true
Quick Sort right aufsteigend 1246 Zahlen Startzeit: 19.11 11:32:07,908|Endezeit: 19.11 11:32:07,986| Diff: 78 ms Sortiert: true
Quick Sort right absteigend 1246 Zahlen Startzeit: 19.11 11:32:07,986|Endezeit: 19.11 11:32:08,033| Diff: 47 ms Sortiert: true
Heap Sort Zufallszahlen 1246 Zahlen Startzeit: 19.11 11:32:31,173|Endezeit: 19.11 11:32:31,173| Diff: 0 ms Sortiert: true
Heap Sort aufsteigend 1246 Zahlen Startzeit: 19.11 11:32:31,173|Endezeit: 19.11 11:32:31,173| Diff: 0 ms Sortiert: true
Heap Sort absteigend 1246 Zahlen Startzeit: 19.11 11:32:31,173|Endezeit: 19.11 11:32:31,189| Diff: 16 ms Sortiert: true
Heap Sort Zufallszahlen 1456 Zahlen Startzeit: 19.11 16:33:58,812|Endezeit: 19.11 16:33:58,812| Diff: 0 ms Sortiert: false
Heap Sort aufsteigend 1456 Zahlen Startzeit: 19.11 16:33:58,812|Endezeit: 19.11 16:33:58,812| Diff: 0 ms Sortiert: false
Heap Sort absteigend 1456 Zahlen Startzeit: 19.11 16:33:58,812|Endezeit: 19.11 16:33:58,827| Diff: 16 ms Sortiert: true
Heap Sort Zufallszahlen 1456 Zahlen Startzeit: 19.11 16:34:33,750|Endezeit: 19.11 16:34:33,765| Diff: 15 ms Sortiert: true
Heap Sort aufsteigend 1456 Zahlen Startzeit: 19.11 16:34:33,765|Endezeit: 19.11 16:34:33,765| Diff: 0 ms Sortiert: true
Heap Sort absteigend 1456 Zahlen Startzeit: 19.11 16:34:33,765|Endezeit: 19.11 16:34:33,765| Diff: 0 ms Sortiert: true
Heap Sort Zufallszahlen 1456 Zahlen Startzeit: 19.11 16:37:07,094|Endezeit: 19.11 16:37:07,109| Diff: 15 ms Sortiert: true
Heap Sort aufsteigend 1456 Zahlen Startzeit: 19.11 16:37:07,109|Endezeit: 19.11 16:37:07,109| Diff: 0 ms Sortiert: true
Heap Sort absteigend 1456 Zahlen Startzeit: 19.11 16:37:07,109|Endezeit: 19.11 16:37:07,109| Diff: 0 ms Sortiert: true
Heap Sort Zufallszahlen 1456 Zahlen Startzeit: 19.11 16:37:38,125|Endezeit: 19.11 16:37:38,140| Diff: 15 ms Sortiert: true
Heap Sort aufsteigend 1456 Zahlen Startzeit: 19.11 16:37:38,140|Endezeit: 19.11 16:37:38,140| Diff: 0 ms Sortiert: true
Heap Sort absteigend 1456 Zahlen Startzeit: 19.11 16:37:38,140|Endezeit: 19.11 16:37:38,140| Diff: 0 ms Sortiert: true
Heap Sort Zufallszahlen 1456 Zahlen Startzeit: 19.11 16:43:43,484|Endezeit: 19.11 16:43:43,500| Diff: 16 ms Sortiert: true
Heap Sort aufsteigend 1456 Zahlen Startzeit: 19.11 16:43:43,500|Endezeit: 19.11 16:43:43,500| Diff: 0 ms Sortiert: true
Heap Sort absteigend 1456 Zahlen Startzeit: 19.11 16:43:43,500|Endezeit: 19.11 16:43:43,500| Diff: 0 ms Sortiert: true
Heap Sort Zufallszahlen 1456 Zahlen Startzeit: 19.11 16:45:42,061|Endezeit: 19.11 16:45:42,077| Diff: 16 ms Sortiert: true
Heap Sort aufsteigend 1456 Zahlen Startzeit: 19.11 16:45:42,077|Endezeit: 19.11 16:45:42,077| Diff: 0 ms Sortiert: true
Heap Sort absteigend 1456 Zahlen Startzeit: 19.11 16:45:42,077|Endezeit: 19.11 16:45:42,077| Diff: 0 ms Sortiert: true
Insertion Sort Zufallszahlen 145 Zahlen Startzeit: 19.11 16:52:42,467|Endezeit: 19.11 16:52:42,467| Diff: 0 ms Sortiert: true
Insertion Sort aufsteigend 145 Zahlen Startzeit: 19.11 16:52:42,467|Endezeit: 19.11 16:52:42,482| Diff: 15 ms Sortiert: true
Insertion Sort absteigend 145 Zahlen Startzeit: 19.11 16:52:42,482|Endezeit: 19.11 16:52:42,482| Diff: 0 ms Sortiert: true
Quick Sort middle Zufallszahlen Wechsel bei 75, 1456 Zahlen Startzeit: 19.11 16:52:42,467|Endezeit: 19.11 16:52:42,482| Diff: 15 ms Sortiert: true
Quick Sort middle aufsteigend 1456 Zahlen Startzeit: 19.11 16:52:42,482|Endezeit: 19.11 16:52:42,482| Diff: 0 ms Sortiert: true
Quick Sort middle absteigend 1456 Zahlen Startzeit: 19.11 16:52:42,482|Endezeit: 19.11 16:52:42,482| Diff: 0 ms Sortiert: true
Quick Sort median Zufallszahlen Wechsel bei 75, 1456 Zahlen Startzeit: 19.11 16:52:42,467|Endezeit: 19.11 16:52:42,482| Diff: 15 ms Sortiert: true
Quick Sort median aufsteigend 1456 Zahlen Startzeit: 19.11 16:52:42,482|Endezeit: 19.11 16:52:42,482| Diff: 0 ms Sortiert: true
Quick Sort median absteigend 1456 Zahlen Startzeit: 19.11 16:52:42,482|Endezeit: 19.11 16:52:42,482| Diff: 0 ms Sortiert: true
Heap Sort Zufallszahlen 1456 Zahlen Startzeit: 19.11 16:52:42,467|Endezeit: 19.11 16:52:42,482| Diff: 15 ms Sortiert: true
Heap Sort aufsteigend 1456 Zahlen Startzeit: 19.11 16:52:42,482|Endezeit: 19.11 16:52:42,482| Diff: 0 ms Sortiert: true
Heap Sort absteigend 1456 Zahlen Startzeit: 19.11 16:52:42,482|Endezeit: 19.11 16:52:42,482| Diff: 0 ms Sortiert: true
Quick Sort random Zufallszahlen Wechsel bei 75, 1456 Zahlen Startzeit: 19.11 16:52:42,467|Endezeit: 19.11 16:52:42,482| Diff: 15 ms Sortiert: true
Quick Sort random aufsteigend 1456 Zahlen Startzeit: 19.11 16:52:42,482|Endezeit: 19.11 16:52:42,498| Diff: 16 ms Sortiert: true
Quick Sort random absteigend 1456 Zahlen Startzeit: 19.11 16:52:42,498|Endezeit: 19.11 16:52:42,498| Diff: 0 ms Sortiert: true
Quick Sort left Zufallszahlen Wechsel bei 75, 1456 Zahlen Startzeit: 19.11 16:52:42,467|Endezeit: 19.11 16:52:42,482| Diff: 15 ms Sortiert: true
Quick Sort left aufsteigend 1456 Zahlen Startzeit: 19.11 16:52:42,482|Endezeit: 19.11 16:52:42,513| Diff: 31 ms Sortiert: true
Quick Sort left absteigend 1456 Zahlen Startzeit: 19.11 16:52:42,513|Endezeit: 19.11 16:52:42,623| Diff: 110 ms Sortiert: true
Quick Sort right Zufallszahlen Wechsel bei 75, 1456 Zahlen Startzeit: 19.11 16:52:42,467|Endezeit: 19.11 16:52:42,482| Diff: 15 ms Sortiert: true
Quick Sort right aufsteigend 1456 Zahlen Startzeit: 19.11 16:52:42,482|Endezeit: 19.11 16:52:42,592| Diff: 110 ms Sortiert: true
Quick Sort right absteigend 1456 Zahlen Startzeit: 19.11 16:52:42,592|Endezeit: 19.11 16:52:42,654| Diff: 62 ms Sortiert: true
